<?xml version="1.0" encoding="utf-8"?>
<TestRun id="ddf736a2-6426-4228-b947-a1d574ff1792" name="@runnervmwffz4 2026-02-19 20:41:13" xmlns="http://microsoft.com/schemas/VisualStudio/TeamTest/2010">
  <Times creation="2026-02-19T20:41:13.9083939+00:00" queuing="2026-02-19T20:41:13.9083940+00:00" start="2026-02-19T20:41:12.9557197+00:00" finish="2026-02-19T20:41:16.5436915+00:00" />
  <TestSettings name="default" id="74807b49-8cea-4cb6-a7dd-12f5d825e1d0">
    <Deployment runDeploymentRoot="_runnervmwffz4_2026-02-19_20_41_13" />
  </TestSettings>
  <Results>
    <UnitTestResult executionId="f61dc81d-b4d8-40e4-854d-46d09f7b41b6" testId="dd63dd44-11fe-17d2-1613-8e43a3977fe0" testName="UniTask.Tests.TasksControllerTests.GetTasks_ReturnsEmptyList_WhenNoTasks" computerName="runnervmwffz4" duration="00:00:00.0415820" startTime="2026-02-19T20:41:15.9695930+00:00" endTime="2026-02-19T20:41:16.0118383+00:00" testType="13cdc9d9-ddb5-4fa4-a97d-d965ccfc6d4b" outcome="Passed" testListId="8c84fa94-04c1-424b-9868-57a2d4851a1d" relativeResultsDirectory="f61dc81d-b4d8-40e4-854d-46d09f7b41b6" />
    <UnitTestResult executionId="4c54eab4-d8eb-4d36-aacc-dee0c3984239" testId="a13090fd-df06-b669-bff2-440863f3d5fa" testName="UniTask.Tests.OrganisationModelTests.Organisation_CanBeCreated_WithRequiredFields" computerName="runnervmwffz4" duration="00:00:00.0087479" startTime="2026-02-19T20:41:15.0782568+00:00" endTime="2026-02-19T20:41:15.0884998+00:00" testType="13cdc9d9-ddb5-4fa4-a97d-d965ccfc6d4b" outcome="Passed" testListId="8c84fa94-04c1-424b-9868-57a2d4851a1d" relativeResultsDirectory="4c54eab4-d8eb-4d36-aacc-dee0c3984239" />
    <UnitTestResult executionId="83027aee-93af-41a8-bbb0-8a59a3ff32c0" testId="f8f26838-9f38-56ff-6205-a806b821d697" testName="UniTask.Tests.AnyTests.Enum_ReturnsValidEnumValue" computerName="runnervmwffz4" duration="00:00:00.0042791" startTime="2026-02-19T20:41:13.8661772+00:00" endTime="2026-02-19T20:41:13.8663246+00:00" testType="13cdc9d9-ddb5-4fa4-a97d-d965ccfc6d4b" outcome="Passed" testListId="8c84fa94-04c1-424b-9868-57a2d4851a1d" relativeResultsDirectory="83027aee-93af-41a8-bbb0-8a59a3ff32c0" />
    <UnitTestResult executionId="a80b75ef-cb6f-4c2f-ac18-12f7f033cc3c" testId="75b3ad7a-5001-f559-04cc-b862a3e120e8" testName="UniTask.Tests.TasksControllerTests.CreateTask_ReturnsCreatedTask" computerName="runnervmwffz4" duration="00:00:00.0371836" startTime="2026-02-19T20:41:15.9322189+00:00" endTime="2026-02-19T20:41:15.9693440+00:00" testType="13cdc9d9-ddb5-4fa4-a97d-d965ccfc6d4b" outcome="Passed" testListId="8c84fa94-04c1-424b-9868-57a2d4851a1d" relativeResultsDirectory="a80b75ef-cb6f-4c2f-ac18-12f7f033cc3c" />
    <UnitTestResult executionId="fdff8955-38d4-4d58-af0e-79ff27e9a2d3" testId="30b1b6c9-ebc0-d2c1-c4c1-6fd8c2f3363a" testName="UniTask.Tests.AnyTests.Int_GeneratesIntegerInRange" computerName="runnervmwffz4" duration="00:00:00.0009660" startTime="2026-02-19T20:41:13.8127403+00:00" endTime="2026-02-19T20:41:13.8128669+00:00" testType="13cdc9d9-ddb5-4fa4-a97d-d965ccfc6d4b" outcome="Passed" testListId="8c84fa94-04c1-424b-9868-57a2d4851a1d" relativeResultsDirectory="fdff8955-38d4-4d58-af0e-79ff27e9a2d3" />
    <UnitTestResult executionId="decccd3a-3c53-482b-a70c-e6d5b0463b9e" testId="db592ed5-76e1-9fd3-dd69-09f8e84c9b27" testName="UniTask.Tests.TasksControllerTests.GetTask_ReturnsTask_WhenTaskExists" computerName="runnervmwffz4" duration="00:00:00.0804271" startTime="2026-02-19T20:41:16.0121337+00:00" endTime="2026-02-19T20:41:16.0922600+00:00" testType="13cdc9d9-ddb5-4fa4-a97d-d965ccfc6d4b" outcome="Passed" testListId="8c84fa94-04c1-424b-9868-57a2d4851a1d" relativeResultsDirectory="decccd3a-3c53-482b-a70c-e6d5b0463b9e" />
    <UnitTestResult executionId="a2b0b0ec-6b90-421a-8edd-78be5de85c24" testId="071b0728-7a5e-0dd0-87fb-af620308d039" testName="UniTask.Tests.ModelExtensionsTests.TaskItemRelation_DependsOn_Relationship" computerName="runnervmwffz4" duration="00:00:00.0507944" startTime="2026-02-19T20:41:15.3428597+00:00" endTime="2026-02-19T20:41:15.3952022+00:00" testType="13cdc9d9-ddb5-4fa4-a97d-d965ccfc6d4b" outcome="Passed" testListId="8c84fa94-04c1-424b-9868-57a2d4851a1d" relativeResultsDirectory="a2b0b0ec-6b90-421a-8edd-78be5de85c24" />
    <UnitTestResult executionId="6eadb77e-1e4c-45fc-85fe-306d51e30201" testId="18edf245-2868-045d-b42f-53f7933de012" testName="UniTask.Tests.TasksControllerTests.GetTask_ReturnsNotFound_WhenTaskDoesNotExist" computerName="runnervmwffz4" duration="00:00:00.0448368" startTime="2026-02-19T20:41:16.0935474+00:00" endTime="2026-02-19T20:41:16.1382228+00:00" testType="13cdc9d9-ddb5-4fa4-a97d-d965ccfc6d4b" outcome="Passed" testListId="8c84fa94-04c1-424b-9868-57a2d4851a1d" relativeResultsDirectory="6eadb77e-1e4c-45fc-85fe-306d51e30201" />
    <UnitTestResult executionId="a0abfe0c-d2b7-4097-976f-c111247fa55f" testId="37d9f947-3e98-0d3d-ccbd-41cb66126574" testName="UniTask.Tests.AnyTests.DateTime_GeneratesValidDateTime" computerName="runnervmwffz4" duration="00:00:00.0001353" startTime="2026-02-19T20:41:13.8676995+00:00" endTime="2026-02-19T20:41:13.8677968+00:00" testType="13cdc9d9-ddb5-4fa4-a97d-d965ccfc6d4b" outcome="Passed" testListId="8c84fa94-04c1-424b-9868-57a2d4851a1d" relativeResultsDirectory="a0abfe0c-d2b7-4097-976f-c111247fa55f" />
    <UnitTestResult executionId="8a455425-38aa-4430-9af5-5a2e7bfbe582" testId="cf12f67c-2817-dbf7-4aea-e1cd0c1201a6" testName="UniTask.Tests.LocalAdapterTests.CreateTaskAsync_HandlesZeroPriority" computerName="runnervmwffz4" duration="00:00:00.0015375" startTime="2026-02-19T20:41:15.4321448+00:00" endTime="2026-02-19T20:41:15.4322817+00:00" testType="13cdc9d9-ddb5-4fa4-a97d-d965ccfc6d4b" outcome="Passed" testListId="8c84fa94-04c1-424b-9868-57a2d4851a1d" relativeResultsDirectory="8a455425-38aa-4430-9af5-5a2e7bfbe582" />
    <UnitTestResult executionId="d8c0d60d-a0d9-4883-9df8-621abcfdcde0" testId="af15df7c-b8bb-a2a7-15ca-726edb24c2ed" testName="UniTask.Tests.AnyTests.AttachmentDto_GeneratesValidAttachmentDto" computerName="runnervmwffz4" duration="00:00:00.0014532" startTime="2026-02-19T20:41:13.8097857+00:00" endTime="2026-02-19T20:41:13.8124699+00:00" testType="13cdc9d9-ddb5-4fa4-a97d-d965ccfc6d4b" outcome="Passed" testListId="8c84fa94-04c1-424b-9868-57a2d4851a1d" relativeResultsDirectory="d8c0d60d-a0d9-4883-9df8-621abcfdcde0" />
    <UnitTestResult executionId="5c8d2a86-e62e-4197-a3ec-7ccb2926df4a" testId="a8987c80-2eaf-3f3e-dfba-14677595aca2" testName="UniTask.Tests.ModelExtensionsTests.TaskItem_ParentChild_Relationship" computerName="runnervmwffz4" duration="00:00:00.0503758" startTime="2026-02-19T20:41:15.5437451+00:00" endTime="2026-02-19T20:41:15.5928618+00:00" testType="13cdc9d9-ddb5-4fa4-a97d-d965ccfc6d4b" outcome="Passed" testListId="8c84fa94-04c1-424b-9868-57a2d4851a1d" relativeResultsDirectory="5c8d2a86-e62e-4197-a3ec-7ccb2926df4a" />
    <UnitTestResult executionId="143e98dd-d426-49ac-9758-bffb6e945626" testId="9e62d0e1-36fe-bb2c-df4b-9c847992fcdb" testName="UniTask.Tests.AnyTests.Email_GeneratesValidEmailFormat" computerName="runnervmwffz4" duration="00:00:00.0004745" startTime="2026-02-19T20:41:13.8684885+00:00" endTime="2026-02-19T20:41:13.8685902+00:00" testType="13cdc9d9-ddb5-4fa4-a97d-d965ccfc6d4b" outcome="Passed" testListId="8c84fa94-04c1-424b-9868-57a2d4851a1d" relativeResultsDirectory="143e98dd-d426-49ac-9758-bffb6e945626" />
    <UnitTestResult executionId="4e2eaa3b-98c2-42b7-bb9c-fd0346a4d112" testId="5a7781ff-895f-9cf9-0854-03f3ed95ef26" testName="UniTask.Tests.AnyTests.TaskItem_GeneratesValidTaskItem" computerName="runnervmwffz4" duration="00:00:00.0110607" startTime="2026-02-19T20:41:13.7634954+00:00" endTime="2026-02-19T20:41:13.7865647+00:00" testType="13cdc9d9-ddb5-4fa4-a97d-d965ccfc6d4b" outcome="Passed" testListId="8c84fa94-04c1-424b-9868-57a2d4851a1d" relativeResultsDirectory="4e2eaa3b-98c2-42b7-bb9c-fd0346a4d112" />
    <UnitTestResult executionId="15564611-b05a-40c9-8e9c-02660b6ef905" testId="b501ba69-c41d-cde0-ed5c-29daf65df905" testName="UniTask.Tests.TaskCommandHandlerTests.AssignMemberToTask_UpdatesAssignedTo_WhenTaskExists" computerName="runnervmwffz4" duration="00:00:00.0503100" startTime="2026-02-19T20:41:16.1124383+00:00" endTime="2026-02-19T20:41:16.1606743+00:00" testType="13cdc9d9-ddb5-4fa4-a97d-d965ccfc6d4b" outcome="Passed" testListId="8c84fa94-04c1-424b-9868-57a2d4851a1d" relativeResultsDirectory="15564611-b05a-40c9-8e9c-02660b6ef905" />
    <UnitTestResult executionId="dbc41700-63cc-4057-ba31-c1a43ff54946" testId="4eb0ad7e-60bd-c82f-8fce-a5e4145c6f30" testName="UniTask.Tests.ProjectModelTests.Project_CanHaveTaskTypes" computerName="runnervmwffz4" duration="00:00:00.0435005" startTime="2026-02-19T20:41:15.2178098+00:00" endTime="2026-02-19T20:41:15.2610948+00:00" testType="13cdc9d9-ddb5-4fa4-a97d-d965ccfc6d4b" outcome="Passed" testListId="8c84fa94-04c1-424b-9868-57a2d4851a1d" relativeResultsDirectory="dbc41700-63cc-4057-ba31-c1a43ff54946" />
    <UnitTestResult executionId="a8d3806d-8574-4481-9d17-49ab6ba59f7b" testId="6010ab76-9e1b-7a48-c597-bbdb4862d023" testName="UniTask.Tests.AnyTests.Attachment_AllowsOverridingProperties" computerName="runnervmwffz4" duration="00:00:00.0059022" startTime="2026-02-19T20:41:13.8057074+00:00" endTime="2026-02-19T20:41:13.8094843+00:00" testType="13cdc9d9-ddb5-4fa4-a97d-d965ccfc6d4b" outcome="Passed" testListId="8c84fa94-04c1-424b-9868-57a2d4851a1d" relativeResultsDirectory="a8d3806d-8574-4481-9d17-49ab6ba59f7b" />
    <UnitTestResult executionId="31ecf9c5-3f86-4524-af50-b24ea379666f" testId="61803e1a-4cc5-c171-77a1-25cacdba1060" testName="UniTask.Tests.ProjectsControllerTests.CreateProject_ReturnsCreatedProject" computerName="runnervmwffz4" duration="00:00:00.0421700" startTime="2026-02-19T20:41:15.8124909+00:00" endTime="2026-02-19T20:41:15.8556658+00:00" testType="13cdc9d9-ddb5-4fa4-a97d-d965ccfc6d4b" outcome="Passed" testListId="8c84fa94-04c1-424b-9868-57a2d4851a1d" relativeResultsDirectory="31ecf9c5-3f86-4524-af50-b24ea379666f" />
    <UnitTestResult executionId="0c72205d-8af0-4f01-8e4a-ccc448487ae8" testId="62ffd6b3-12db-f35f-7e86-d516059a3d71" testName="UniTask.Tests.LocalAdapterTests.CreateTaskAsync_CreatesTaskAndReturnsDto" computerName="runnervmwffz4" duration="00:00:00.0049822" startTime="2026-02-19T20:41:15.4169850+00:00" endTime="2026-02-19T20:41:15.4222418+00:00" testType="13cdc9d9-ddb5-4fa4-a97d-d965ccfc6d4b" outcome="Passed" testListId="8c84fa94-04c1-424b-9868-57a2d4851a1d" relativeResultsDirectory="0c72205d-8af0-4f01-8e4a-ccc448487ae8" />
    <UnitTestResult executionId="91ad2d91-9927-4cef-b20f-ef5d80f9b362" testId="9f010edc-f2e7-4f68-3235-d6acd0c49d83" testName="UniTask.Tests.ModelExtensionsTests.Board_CanHaveExternalId" computerName="runnervmwffz4" duration="00:00:00.0380867" startTime="2026-02-19T20:41:15.6455382+00:00" endTime="2026-02-19T20:41:15.6824672+00:00" testType="13cdc9d9-ddb5-4fa4-a97d-d965ccfc6d4b" outcome="Passed" testListId="8c84fa94-04c1-424b-9868-57a2d4851a1d" relativeResultsDirectory="91ad2d91-9927-4cef-b20f-ef5d80f9b362" />
    <UnitTestResult executionId="d166486c-53c1-4a40-99db-811fc6ebd80e" testId="e20559ec-73a3-6e69-c790-ff2fd4b404ca" testName="UniTask.Tests.ModelExtensionsTests.Label_CanHaveTypeId" computerName="runnervmwffz4" duration="00:00:00.0606325" startTime="2026-02-19T20:41:15.4828689+00:00" endTime="2026-02-19T20:41:15.5404380+00:00" testType="13cdc9d9-ddb5-4fa4-a97d-d965ccfc6d4b" outcome="Passed" testListId="8c84fa94-04c1-424b-9868-57a2d4851a1d" relativeResultsDirectory="d166486c-53c1-4a40-99db-811fc6ebd80e" />
    <UnitTestResult executionId="ec3d6056-98ae-4628-a860-c3bc328c16c0" testId="6b79d3f9-36ed-2de8-0b10-d6cbef798c9f" testName="UniTask.Tests.ModelExtensionsTests.Project_CanHaveExternalId" computerName="runnervmwffz4" duration="00:00:00.0021324" startTime="2026-02-19T20:41:15.5407147+00:00" endTime="2026-02-19T20:41:15.5435127+00:00" testType="13cdc9d9-ddb5-4fa4-a97d-d965ccfc6d4b" outcome="Passed" testListId="8c84fa94-04c1-424b-9868-57a2d4851a1d" relativeResultsDirectory="ec3d6056-98ae-4628-a860-c3bc328c16c0" />
    <UnitTestResult executionId="f32746cb-d443-4f75-8076-e92db5aa74a4" testId="2c487263-a4c6-cc11-6dda-ae2dfde2cc68" testName="UniTask.Tests.LocalAdapterTests.DeleteTaskAsync_DeletesTask_WhenTaskExists" computerName="runnervmwffz4" duration="00:00:00.0048309" startTime="2026-02-19T20:41:15.4324889+00:00" endTime="2026-02-19T20:41:15.4371548+00:00" testType="13cdc9d9-ddb5-4fa4-a97d-d965ccfc6d4b" outcome="Passed" testListId="8c84fa94-04c1-424b-9868-57a2d4851a1d" relativeResultsDirectory="f32746cb-d443-4f75-8076-e92db5aa74a4" />
    <UnitTestResult executionId="e6d2b801-4583-4866-a4b9-82258f19bb46" testId="09972f5b-10b1-28ff-9049-015c74133f83" testName="UniTask.Tests.TasksControllerTests.UpdateTask_UpdatesTask_WhenTaskExists" computerName="runnervmwffz4" duration="00:00:00.3716437" startTime="2026-02-19T20:41:15.4638497+00:00" endTime="2026-02-19T20:41:15.8351977+00:00" testType="13cdc9d9-ddb5-4fa4-a97d-d965ccfc6d4b" outcome="Passed" testListId="8c84fa94-04c1-424b-9868-57a2d4851a1d" relativeResultsDirectory="e6d2b801-4583-4866-a4b9-82258f19bb46" />
    <UnitTestResult executionId="d135efe1-9b4d-4576-b1eb-a3dd9d46e6e1" testId="0cd31fec-f237-ff01-cdb6-3dc1700a2b9f" testName="UniTask.Tests.LocalAdapterTests.GetTaskByIdAsync_ReturnsNull_WhenTaskDoesNotExist" computerName="runnervmwffz4" duration="00:00:00.1410746" startTime="2026-02-19T20:41:15.0038835+00:00" endTime="2026-02-19T20:41:15.1391437+00:00" testType="13cdc9d9-ddb5-4fa4-a97d-d965ccfc6d4b" outcome="Passed" testListId="8c84fa94-04c1-424b-9868-57a2d4851a1d" relativeResultsDirectory="d135efe1-9b4d-4576-b1eb-a3dd9d46e6e1" />
    <UnitTestResult executionId="a9a2fe25-8e61-4d55-ab72-b1a1370adb65" testId="b8449f79-1528-0645-6407-4466b7476ef6" testName="UniTask.Tests.OrganisationModelTests.Project_HasOptionalOrganisationReference" computerName="runnervmwffz4" duration="00:00:00.0496153" startTime="2026-02-19T20:41:15.0267886+00:00" endTime="2026-02-19T20:41:15.0779127+00:00" testType="13cdc9d9-ddb5-4fa4-a97d-d965ccfc6d4b" outcome="Passed" testListId="8c84fa94-04c1-424b-9868-57a2d4851a1d" relativeResultsDirectory="a9a2fe25-8e61-4d55-ab72-b1a1370adb65" />
    <UnitTestResult executionId="267e8adf-2f74-4c81-a9ba-2bbb01bf4d56" testId="52c1573d-e1ee-7864-a85c-0fa0f7b42c1c" testName="UniTask.Tests.LocalAdapterTests.UpdateTaskAsync_ReturnsFalse_WhenTaskDoesNotExist" computerName="runnervmwffz4" duration="00:00:00.0011892" startTime="2026-02-19T20:41:15.4634383+00:00" endTime="2026-02-19T20:41:15.4635722+00:00" testType="13cdc9d9-ddb5-4fa4-a97d-d965ccfc6d4b" outcome="Passed" testListId="8c84fa94-04c1-424b-9868-57a2d4851a1d" relativeResultsDirectory="267e8adf-2f74-4c81-a9ba-2bbb01bf4d56" />
    <UnitTestResult executionId="17449a33-fd64-41f5-876a-8deb5c3a076d" testId="15d605c0-d031-a0a9-f659-9a56485b76d2" testName="UniTask.Tests.AnyTests.Board_GeneratesValidBoard" computerName="runnervmwffz4" duration="00:00:00.0010825" startTime="2026-02-19T20:41:13.8053871+00:00" endTime="2026-02-19T20:41:13.8054755+00:00" testType="13cdc9d9-ddb5-4fa4-a97d-d965ccfc6d4b" outcome="Passed" testListId="8c84fa94-04c1-424b-9868-57a2d4851a1d" relativeResultsDirectory="17449a33-fd64-41f5-876a-8deb5c3a076d" />
    <UnitTestResult executionId="cd49b7e7-d597-459a-a0bf-92fd031fe26b" testId="fed436c3-699f-8b81-cbd1-1b38eb9b0f5b" testName="UniTask.Tests.TaskCommandHandlerTests.RemoveTaskLabel_ReturnsNotFound_WhenTaskDoesNotExist" computerName="runnervmwffz4" duration="00:00:00.0615977" startTime="2026-02-19T20:41:15.8119190+00:00" endTime="2026-02-19T20:41:15.8739737+00:00" testType="13cdc9d9-ddb5-4fa4-a97d-d965ccfc6d4b" outcome="Passed" testListId="8c84fa94-04c1-424b-9868-57a2d4851a1d" relativeResultsDirectory="cd49b7e7-d597-459a-a0bf-92fd031fe26b" />
    <UnitTestResult executionId="f40fb176-805a-4926-9750-95bbcbf59826" testId="dbb9976e-4d3d-1c55-6cc9-e43b527a7caf" testName="UniTask.Tests.AnyTests.TaskType_GeneratesValidTaskType" computerName="runnervmwffz4" duration="00:00:00.0006792" startTime="2026-02-19T20:41:13.8131624+00:00" endTime="2026-02-19T20:41:13.8132989+00:00" testType="13cdc9d9-ddb5-4fa4-a97d-d965ccfc6d4b" outcome="Passed" testListId="8c84fa94-04c1-424b-9868-57a2d4851a1d" relativeResultsDirectory="f40fb176-805a-4926-9750-95bbcbf59826" />
    <UnitTestResult executionId="974b7e08-2ca1-4abc-8154-da51005de40f" testId="c45cde67-afdd-6baa-8914-04a44c553acd" testName="UniTask.Tests.ProjectsControllerTests.CreateProject_WithOnlyName_ReturnsCreatedProject" computerName="runnervmwffz4" duration="00:00:00.7194147" startTime="2026-02-19T20:41:15.0901241+00:00" endTime="2026-02-19T20:41:15.8116528+00:00" testType="13cdc9d9-ddb5-4fa4-a97d-d965ccfc6d4b" outcome="Passed" testListId="8c84fa94-04c1-424b-9868-57a2d4851a1d" relativeResultsDirectory="974b7e08-2ca1-4abc-8154-da51005de40f" />
    <UnitTestResult executionId="4987f5ea-c4ac-4e7c-8f02-435d2cbfdddb" testId="b4bbc100-8bdb-abc8-04fa-8e046455a0e4" testName="UniTask.Tests.UserModelTests.User_HasOptionalExternalIdAndDisplayName" computerName="runnervmwffz4" duration="00:00:00.0052277" startTime="2026-02-19T20:41:15.0785962+00:00" endTime="2026-02-19T20:41:15.0838455+00:00" testType="13cdc9d9-ddb5-4fa4-a97d-d965ccfc6d4b" outcome="Passed" testListId="8c84fa94-04c1-424b-9868-57a2d4851a1d" relativeResultsDirectory="4987f5ea-c4ac-4e7c-8f02-435d2cbfdddb" />
    <UnitTestResult executionId="81195868-2ac5-4895-a8fd-3157b825faf4" testId="009d484c-a03f-3aeb-79a9-403b4bbf024e" testName="UniTask.Tests.TaskCommandHandlerTests.AddTaskLabel_AddsLabelToTask_WhenBothExist" computerName="runnervmwffz4" duration="00:00:00.1189184" startTime="2026-02-19T20:41:15.9910457+00:00" endTime="2026-02-19T20:41:16.1121760+00:00" testType="13cdc9d9-ddb5-4fa4-a97d-d965ccfc6d4b" outcome="Passed" testListId="8c84fa94-04c1-424b-9868-57a2d4851a1d" relativeResultsDirectory="81195868-2ac5-4895-a8fd-3157b825faf4" />
    <UnitTestResult executionId="a518021f-5b0e-402a-9fe7-79bd5247cd55" testId="392fb69c-085b-f79e-538b-2853f3c8f9b3" testName="UniTask.Tests.ProjectModelTests.TaskType_HasProjectReference" computerName="runnervmwffz4" duration="00:00:00.0069815" startTime="2026-02-19T20:41:15.1926317+00:00" endTime="2026-02-19T20:41:15.2011398+00:00" testType="13cdc9d9-ddb5-4fa4-a97d-d965ccfc6d4b" outcome="Passed" testListId="8c84fa94-04c1-424b-9868-57a2d4851a1d" relativeResultsDirectory="a518021f-5b0e-402a-9fe7-79bd5247cd55" />
    <UnitTestResult executionId="135acfb0-28dd-489e-8319-4b65ab9852cf" testId="cd1b09d4-6155-9311-f91f-9b45aa2ce0aa" testName="UniTask.Tests.OrganisationModelTests.Organisation_CanHaveProjects" computerName="runnervmwffz4" duration="00:00:00.0227551" startTime="2026-02-19T20:41:15.1346264+00:00" endTime="2026-02-19T20:41:15.1581628+00:00" testType="13cdc9d9-ddb5-4fa4-a97d-d965ccfc6d4b" outcome="Passed" testListId="8c84fa94-04c1-424b-9868-57a2d4851a1d" relativeResultsDirectory="135acfb0-28dd-489e-8319-4b65ab9852cf" />
    <UnitTestResult executionId="2cd16661-4202-4a41-9eb7-47ddbd914fcc" testId="d6378eac-db8d-398e-2698-a1ff46538236" testName="UniTask.Tests.TaskCommandHandlerTests.AddTaskLabel_DoesNotAddDuplicateLabel_WhenLabelAlreadyExists" computerName="runnervmwffz4" duration="00:00:00.0816198" startTime="2026-02-19T20:41:16.2338257+00:00" endTime="2026-02-19T20:41:16.3159738+00:00" testType="13cdc9d9-ddb5-4fa4-a97d-d965ccfc6d4b" outcome="Passed" testListId="8c84fa94-04c1-424b-9868-57a2d4851a1d" relativeResultsDirectory="2cd16661-4202-4a41-9eb7-47ddbd914fcc" />
    <UnitTestResult executionId="913dad77-cfd9-4683-9402-4d1b584d4ba7" testId="ee4dd0be-b97e-7d40-fe0b-a9edd377c0b8" testName="UniTask.Tests.ProjectModelTests.TaskType_CanBeGlobal_WithoutProject" computerName="runnervmwffz4" duration="00:00:00.0342065" startTime="2026-02-19T20:41:15.1585299+00:00" endTime="2026-02-19T20:41:15.1921429+00:00" testType="13cdc9d9-ddb5-4fa4-a97d-d965ccfc6d4b" outcome="Passed" testListId="8c84fa94-04c1-424b-9868-57a2d4851a1d" relativeResultsDirectory="913dad77-cfd9-4683-9402-4d1b584d4ba7" />
    <UnitTestResult executionId="cf90f679-edb5-42d8-b482-337757e3ced6" testId="00aa7704-45a4-c48f-c3d2-c23285a27ba5" testName="UniTask.Tests.AnyTests.Project_AllowsOverridingProperties" computerName="runnervmwffz4" duration="00:00:00.0002114" startTime="2026-02-19T20:41:13.8681185+00:00" endTime="2026-02-19T20:41:13.8682332+00:00" testType="13cdc9d9-ddb5-4fa4-a97d-d965ccfc6d4b" outcome="Passed" testListId="8c84fa94-04c1-424b-9868-57a2d4851a1d" relativeResultsDirectory="cf90f679-edb5-42d8-b482-337757e3ced6" />
    <UnitTestResult executionId="e6412ae6-e835-44bf-92bc-31c58a6e63c3" testId="dd31f3d4-b7b3-e08a-fc5c-67b93e4a916e" testName="UniTask.Tests.TaskCommandHandlerTests.ChangeTaskStatus_ReturnsNotFound_WhenTaskDoesNotExist" computerName="runnervmwffz4" duration="00:00:00.0244676" startTime="2026-02-19T20:41:16.4268275+00:00" endTime="2026-02-19T20:41:16.4516069+00:00" testType="13cdc9d9-ddb5-4fa4-a97d-d965ccfc6d4b" outcome="Passed" testListId="8c84fa94-04c1-424b-9868-57a2d4851a1d" relativeResultsDirectory="e6412ae6-e835-44bf-92bc-31c58a6e63c3" />
    <UnitTestResult executionId="acff21a2-d255-41cc-9fd4-30016d08fba9" testId="3bac522d-a633-ad44-68af-61c2803f9a7e" testName="UniTask.Tests.TaskCommandHandlerTests.ChangeTaskStatus_UpdatesTaskStatus_WhenTaskExists" computerName="runnervmwffz4" duration="00:00:00.0856939" startTime="2026-02-19T20:41:15.8742939+00:00" endTime="2026-02-19T20:41:15.9600675+00:00" testType="13cdc9d9-ddb5-4fa4-a97d-d965ccfc6d4b" outcome="Passed" testListId="8c84fa94-04c1-424b-9868-57a2d4851a1d" relativeResultsDirectory="acff21a2-d255-41cc-9fd4-30016d08fba9" />
    <UnitTestResult executionId="18f8d129-e118-4fcb-a7df-56944fdb8537" testId="7c761fbd-ea0d-a7d9-3b89-6188afe9bd96" testName="UniTask.Tests.AnyTests.Attachment_GeneratesValidAttachment" computerName="runnervmwffz4" duration="00:00:00.0003579" startTime="2026-02-19T20:41:13.8668804+00:00" endTime="2026-02-19T20:41:13.8670581+00:00" testType="13cdc9d9-ddb5-4fa4-a97d-d965ccfc6d4b" outcome="Passed" testListId="8c84fa94-04c1-424b-9868-57a2d4851a1d" relativeResultsDirectory="18f8d129-e118-4fcb-a7df-56944fdb8537" />
    <UnitTestResult executionId="1d437f3a-a64a-47f0-b2cc-41f98a446abb" testId="594244ad-9c38-c1e1-de79-8a2d3881a935" testName="UniTask.Tests.LocalAdapterTests.GetAllTasksAsync_ReturnsTasksWithRelatedData" computerName="runnervmwffz4" duration="00:00:00.2788056" startTime="2026-02-19T20:41:15.1393902+00:00" endTime="2026-02-19T20:41:15.4167414+00:00" testType="13cdc9d9-ddb5-4fa4-a97d-d965ccfc6d4b" outcome="Passed" testListId="8c84fa94-04c1-424b-9868-57a2d4851a1d" relativeResultsDirectory="1d437f3a-a64a-47f0-b2cc-41f98a446abb" />
    <UnitTestResult executionId="760426b8-c4fe-4de7-8e13-30e49ec1389c" testId="b2bbfec3-d94a-e72e-f004-33901ce7d700" testName="UniTask.Tests.TaskCommandHandlerTests.UpdateTaskWithCommand_UpdatesTask_WhenTaskExists" computerName="runnervmwffz4" duration="00:00:00.0534668" startTime="2026-02-19T20:41:16.3729254+00:00" endTime="2026-02-19T20:41:16.4265878+00:00" testType="13cdc9d9-ddb5-4fa4-a97d-d965ccfc6d4b" outcome="Passed" testListId="8c84fa94-04c1-424b-9868-57a2d4851a1d" relativeResultsDirectory="760426b8-c4fe-4de7-8e13-30e49ec1389c" />
    <UnitTestResult executionId="b9886298-6b3d-4449-8c79-2d2814e603e2" testId="c5952d5b-bf2f-14fb-8ad2-7ab4878b749d" testName="UniTask.Tests.LocalAdapterTests.CreateTaskAsync_StoresPriorityCorrectly" computerName="runnervmwffz4" duration="00:00:00.0019163" startTime="2026-02-19T20:41:15.4563478+00:00" endTime="2026-02-19T20:41:15.4586627+00:00" testType="13cdc9d9-ddb5-4fa4-a97d-d965ccfc6d4b" outcome="Passed" testListId="8c84fa94-04c1-424b-9868-57a2d4851a1d" relativeResultsDirectory="b9886298-6b3d-4449-8c79-2d2814e603e2" />
    <UnitTestResult executionId="36c028cd-ff88-473f-a6fb-2ee647cb012a" testId="5221f117-040a-de25-fcd5-c572beb3b942" testName="UniTask.Tests.ModelExtensionsTests.TaskItemRelation_BidirectionalRelations" computerName="runnervmwffz4" duration="00:00:00.0512939" startTime="2026-02-19T20:41:15.5931354+00:00" endTime="2026-02-19T20:41:15.6452360+00:00" testType="13cdc9d9-ddb5-4fa4-a97d-d965ccfc6d4b" outcome="Passed" testListId="8c84fa94-04c1-424b-9868-57a2d4851a1d" relativeResultsDirectory="36c028cd-ff88-473f-a6fb-2ee647cb012a" />
    <UnitTestResult executionId="dd51548e-9439-4ade-9180-22b665f7a6f2" testId="eaa57a50-0a5b-f157-7251-bb91231d7dd4" testName="UniTask.Tests.AnyTests.String_GeneratesStringOfSpecifiedLength" computerName="runnervmwffz4" duration="00:00:00.0001115" startTime="2026-02-19T20:41:13.8673293+00:00" endTime="2026-02-19T20:41:13.8674274+00:00" testType="13cdc9d9-ddb5-4fa4-a97d-d965ccfc6d4b" outcome="Passed" testListId="8c84fa94-04c1-424b-9868-57a2d4851a1d" relativeResultsDirectory="dd51548e-9439-4ade-9180-22b665f7a6f2" />
    <UnitTestResult executionId="88762b40-fd62-4023-a1de-d9ceeb9df952" testId="e0ffd8c9-7e00-d8a6-ed48-d97850523525" testName="UniTask.Tests.ModelExtensionsTests.TaskItemRelation_MultipleTasks_CanHaveMultipleRelations" computerName="runnervmwffz4" duration="00:00:00.0426738" startTime="2026-02-19T20:41:15.4275686+00:00" endTime="2026-02-19T20:41:15.4696094+00:00" testType="13cdc9d9-ddb5-4fa4-a97d-d965ccfc6d4b" outcome="Passed" testListId="8c84fa94-04c1-424b-9868-57a2d4851a1d" relativeResultsDirectory="88762b40-fd62-4023-a1de-d9ceeb9df952" />
    <UnitTestResult executionId="f7d46c8c-3bf5-45d4-836d-ca78210ab6b0" testId="b21ff1a8-c8d3-bc40-1f0b-ea5cf1ce3925" testName="UniTask.Tests.LocalAdapterTests.GetAllTasksAsync_ReturnsEmptyList_WhenNoTasks" computerName="runnervmwffz4" duration="00:00:00.0017523" startTime="2026-02-19T20:41:15.4591705+00:00" endTime="2026-02-19T20:41:15.4631894+00:00" testType="13cdc9d9-ddb5-4fa4-a97d-d965ccfc6d4b" outcome="Passed" testListId="8c84fa94-04c1-424b-9868-57a2d4851a1d" relativeResultsDirectory="f7d46c8c-3bf5-45d4-836d-ca78210ab6b0" />
    <UnitTestResult executionId="6f2929e0-cea5-42e8-b019-861e5e069aaa" testId="bd9d287d-ff89-9088-8c4b-0d1afc69b169" testName="UniTask.Tests.TaskCommandHandlerTests.AddTaskLabel_ReturnsNotFound_WhenTaskDoesNotExist" computerName="runnervmwffz4" duration="00:00:00.0258122" startTime="2026-02-19T20:41:16.4518389+00:00" endTime="2026-02-19T20:41:16.4776887+00:00" testType="13cdc9d9-ddb5-4fa4-a97d-d965ccfc6d4b" outcome="Passed" testListId="8c84fa94-04c1-424b-9868-57a2d4851a1d" relativeResultsDirectory="6f2929e0-cea5-42e8-b019-861e5e069aaa" />
    <UnitTestResult executionId="4a2bd0b2-b0b7-4f77-b5c7-914c38e401d5" testId="d22e557c-d774-437e-a8b8-0893aa31ceb3" testName="UniTask.Tests.OrganisationModelTests.Organisation_CanHaveMembers" computerName="runnervmwffz4" duration="00:00:00.4552431" startTime="2026-02-19T20:41:14.5712651+00:00" endTime="2026-02-19T20:41:15.0264927+00:00" testType="13cdc9d9-ddb5-4fa4-a97d-d965ccfc6d4b" outcome="Passed" testListId="8c84fa94-04c1-424b-9868-57a2d4851a1d" relativeResultsDirectory="4a2bd0b2-b0b7-4f77-b5c7-914c38e401d5" />
    <UnitTestResult executionId="a512b8e7-5502-4680-9b7d-ca14d6e1a26f" testId="3ec25add-261b-74c0-3a3b-c6738462a125" testName="UniTask.Tests.ModelExtensionsTests.TaskItem_CanHaveNullParent" computerName="runnervmwffz4" duration="00:00:00.0353021" startTime="2026-02-19T20:41:15.3954988+00:00" endTime="2026-02-19T20:41:15.4273202+00:00" testType="13cdc9d9-ddb5-4fa4-a97d-d965ccfc6d4b" outcome="Passed" testListId="8c84fa94-04c1-424b-9868-57a2d4851a1d" relativeResultsDirectory="a512b8e7-5502-4680-9b7d-ca14d6e1a26f" />
    <UnitTestResult executionId="ab41cc72-4a06-4a8c-973a-a42809057648" testId="4ebbc991-158a-bc0e-8a6a-a478166ce277" testName="UniTask.Tests.AnyTests.Project_GeneratesValidProject" computerName="runnervmwffz4" duration="00:00:00.0015983" startTime="2026-02-19T20:41:13.8050340+00:00" endTime="2026-02-19T20:41:13.8051271+00:00" testType="13cdc9d9-ddb5-4fa4-a97d-d965ccfc6d4b" outcome="Passed" testListId="8c84fa94-04c1-424b-9868-57a2d4851a1d" relativeResultsDirectory="ab41cc72-4a06-4a8c-973a-a42809057648" />
    <UnitTestResult executionId="751bf7ec-3611-4285-89c3-9053aa1fa14e" testId="dcc9bb68-1fac-9337-970e-fc9d27c4afea" testName="UniTask.Tests.TaskCommandHandlerTests.AssignMemberToTask_ReturnsNotFound_WhenTaskDoesNotExist" computerName="runnervmwffz4" duration="00:00:00.0297476" startTime="2026-02-19T20:41:15.9603793+00:00" endTime="2026-02-19T20:41:15.9907987+00:00" testType="13cdc9d9-ddb5-4fa4-a97d-d965ccfc6d4b" outcome="Passed" testListId="8c84fa94-04c1-424b-9868-57a2d4851a1d" relativeResultsDirectory="751bf7ec-3611-4285-89c3-9053aa1fa14e" />
    <UnitTestResult executionId="8b97077e-49fa-45db-81cc-fb405491fc95" testId="320dc253-5c5c-cd6e-9e63-4e2d2212756e" testName="UniTask.Tests.UserModelTests.User_CanBeProjectMember" computerName="runnervmwffz4" duration="00:00:00.0846416" startTime="2026-02-19T20:41:15.0034905+00:00" endTime="2026-02-19T20:41:15.0783910+00:00" testType="13cdc9d9-ddb5-4fa4-a97d-d965ccfc6d4b" outcome="Passed" testListId="8c84fa94-04c1-424b-9868-57a2d4851a1d" relativeResultsDirectory="8b97077e-49fa-45db-81cc-fb405491fc95" />
    <UnitTestResult executionId="2b5cc012-6e27-4670-944e-8a0fa04655be" testId="03bcba4c-a84e-d558-f78d-42a7b1da4408" testName="UniTask.Tests.LocalAdapterTests.UpdateTaskAsync_UpdatesTask_WhenTaskExists" computerName="runnervmwffz4" duration="00:00:00.0065708" startTime="2026-02-19T20:41:15.4224585+00:00" endTime="2026-02-19T20:41:15.4286793+00:00" testType="13cdc9d9-ddb5-4fa4-a97d-d965ccfc6d4b" outcome="Passed" testListId="8c84fa94-04c1-424b-9868-57a2d4851a1d" relativeResultsDirectory="2b5cc012-6e27-4670-944e-8a0fa04655be" />
    <UnitTestResult executionId="a5b43038-ba6f-4e8a-b8ea-ae2bee2e9146" testId="9b406fe6-9b20-3e91-74df-134658b3ee61" testName="UniTask.Tests.LocalAdapterTests.DeleteTaskAsync_ReturnsFalse_WhenTaskDoesNotExist" computerName="runnervmwffz4" duration="00:00:01.2316822" startTime="2026-02-19T20:41:13.7671942+00:00" endTime="2026-02-19T20:41:15.0036404+00:00" testType="13cdc9d9-ddb5-4fa4-a97d-d965ccfc6d4b" outcome="Passed" testListId="8c84fa94-04c1-424b-9868-57a2d4851a1d" relativeResultsDirectory="a5b43038-ba6f-4e8a-b8ea-ae2bee2e9146" />
    <UnitTestResult executionId="ea22e830-cf3c-4a7c-9c18-56f1a21968ac" testId="8de6edf7-0148-5fff-e856-bc582041280f" testName="UniTask.Tests.AnyTests.Status_GeneratesValidStatus" computerName="runnervmwffz4" duration="00:00:00.0006777" startTime="2026-02-19T20:41:13.8688081+00:00" endTime="2026-02-19T20:41:13.8689118+00:00" testType="13cdc9d9-ddb5-4fa4-a97d-d965ccfc6d4b" outcome="Passed" testListId="8c84fa94-04c1-424b-9868-57a2d4851a1d" relativeResultsDirectory="ea22e830-cf3c-4a7c-9c18-56f1a21968ac" />
    <UnitTestResult executionId="b3845111-0476-4d33-87a9-b5e22fbb50b0" testId="d7bfc712-4896-e578-baa5-2f00d73bffb8" testName="UniTask.Tests.ModelExtensionsTests.TaskType_CanHaveExternalId" computerName="runnervmwffz4" duration="00:00:00.0932703" startTime="2026-02-19T20:41:15.0889429+00:00" endTime="2026-02-19T20:41:15.1812204+00:00" testType="13cdc9d9-ddb5-4fa4-a97d-d965ccfc6d4b" outcome="Passed" testListId="8c84fa94-04c1-424b-9868-57a2d4851a1d" relativeResultsDirectory="b3845111-0476-4d33-87a9-b5e22fbb50b0" />
    <UnitTestResult executionId="b958055e-d66b-428d-9d68-6aa48554d54f" testId="9df3657b-6691-0af2-a111-35159fcc80a8" testName="UniTask.Tests.TaskCommandHandlerTests.UpdateTaskWithCommand_ReturnsNotFound_WhenTaskDoesNotExist" computerName="runnervmwffz4" duration="00:00:00.5440010" startTime="2026-02-19T20:41:15.2615009+00:00" endTime="2026-02-19T20:41:15.8083557+00:00" testType="13cdc9d9-ddb5-4fa4-a97d-d965ccfc6d4b" outcome="Passed" testListId="8c84fa94-04c1-424b-9868-57a2d4851a1d" relativeResultsDirectory="b958055e-d66b-428d-9d68-6aa48554d54f" />
    <UnitTestResult executionId="c78a9aa3-8a10-468e-9d88-4d11799e6970" testId="783ff723-0a51-7166-838c-5923e7c67117" testName="UniTask.Tests.UserModelTests.User_CanBeCreated_WithRequiredFields" computerName="runnervmwffz4" duration="00:00:01.1641103" startTime="2026-02-19T20:41:13.8767414+00:00" endTime="2026-02-19T20:41:14.9960559+00:00" testType="13cdc9d9-ddb5-4fa4-a97d-d965ccfc6d4b" outcome="Passed" testListId="8c84fa94-04c1-424b-9868-57a2d4851a1d" relativeResultsDirectory="c78a9aa3-8a10-468e-9d88-4d11799e6970" />
    <UnitTestResult executionId="bf2c3acf-a2b7-4840-ada7-cc4345702b7c" testId="c4e82c74-6991-74cc-6310-521200fdacc0" testName="UniTask.Tests.OrganisationModelTests.DeletingOrganisation_SetsProjectOrganisationIdToNull" computerName="runnervmwffz4" duration="00:00:00.0486648" startTime="2026-02-19T20:41:15.0887371+00:00" endTime="2026-02-19T20:41:15.1340781+00:00" testType="13cdc9d9-ddb5-4fa4-a97d-d965ccfc6d4b" outcome="Passed" testListId="8c84fa94-04c1-424b-9868-57a2d4851a1d" relativeResultsDirectory="bf2c3acf-a2b7-4840-ada7-cc4345702b7c" />
    <UnitTestResult executionId="ba8ab3b7-0442-47d5-bebf-d1b0ed28192a" testId="52a8e5f4-a085-6160-fd33-f0079ac0ddc7" testName="UniTask.Tests.ModelExtensionsTests.Status_CanHaveExternalId" computerName="runnervmwffz4" duration="00:00:00.0097372" startTime="2026-02-19T20:41:15.4698498+00:00" endTime="2026-02-19T20:41:15.4817524+00:00" testType="13cdc9d9-ddb5-4fa4-a97d-d965ccfc6d4b" outcome="Passed" testListId="8c84fa94-04c1-424b-9868-57a2d4851a1d" relativeResultsDirectory="ba8ab3b7-0442-47d5-bebf-d1b0ed28192a" />
    <UnitTestResult executionId="81df9804-4f59-4d83-9285-d2b2ccc81757" testId="3a6eb538-1c92-a232-0bbf-ef7473685580" testName="UniTask.Tests.TasksControllerTests.DeleteTask_DeletesTask_WhenTaskExists" computerName="runnervmwffz4" duration="00:00:00.0962229" startTime="2026-02-19T20:41:15.8363768+00:00" endTime="2026-02-19T20:41:15.9319196+00:00" testType="13cdc9d9-ddb5-4fa4-a97d-d965ccfc6d4b" outcome="Passed" testListId="8c84fa94-04c1-424b-9868-57a2d4851a1d" relativeResultsDirectory="81df9804-4f59-4d83-9285-d2b2ccc81757" />
    <UnitTestResult executionId="c1976c7d-14bb-4cf9-853d-5eb9c709cc2e" testId="4136efab-8a5d-e805-329c-ed7cb21352ce" testName="UniTask.Tests.TaskCommandHandlerTests.AddTaskLabel_ReturnsNotFound_WhenLabelDoesNotExist" computerName="runnervmwffz4" duration="00:00:00.0564564" startTime="2026-02-19T20:41:16.3162707+00:00" endTime="2026-02-19T20:41:16.3726733+00:00" testType="13cdc9d9-ddb5-4fa4-a97d-d965ccfc6d4b" outcome="Passed" testListId="8c84fa94-04c1-424b-9868-57a2d4851a1d" relativeResultsDirectory="c1976c7d-14bb-4cf9-853d-5eb9c709cc2e" />
    <UnitTestResult executionId="84b5ea5e-c8cc-4db6-b9e9-45e75626e4bf" testId="bdec2c9f-806d-33ff-4690-cb9bfd362901" testName="UniTask.Tests.AnyTests.TaskItem_AllowsOverridingProperties" computerName="runnervmwffz4" duration="00:00:00.0130030" startTime="2026-02-19T20:41:13.8037481+00:00" endTime="2026-02-19T20:41:13.8038947+00:00" testType="13cdc9d9-ddb5-4fa4-a97d-d965ccfc6d4b" outcome="Passed" testListId="8c84fa94-04c1-424b-9868-57a2d4851a1d" relativeResultsDirectory="84b5ea5e-c8cc-4db6-b9e9-45e75626e4bf" />
    <UnitTestResult executionId="12704ed3-f942-4008-b4af-83bbe8f40af0" testId="479a27e7-c843-425f-65d5-a1c37e6ef953" testName="UniTask.Tests.TaskCommandHandlerTests.RemoveTaskLabel_RemovesLabelFromTask_WhenBothExist" computerName="runnervmwffz4" duration="00:00:00.0724095" startTime="2026-02-19T20:41:16.1609140+00:00" endTime="2026-02-19T20:41:16.2335499+00:00" testType="13cdc9d9-ddb5-4fa4-a97d-d965ccfc6d4b" outcome="Passed" testListId="8c84fa94-04c1-424b-9868-57a2d4851a1d" relativeResultsDirectory="12704ed3-f942-4008-b4af-83bbe8f40af0" />
    <UnitTestResult executionId="1c734bd5-da1c-4ddd-a9db-2d8b46524308" testId="5dde8aaf-5ee8-2ca9-c90a-d5cbabd69e93" testName="UniTask.Tests.ProjectModelTests.DeletingProject_SetsTaskTypeProjectIdToNull" computerName="runnervmwffz4" duration="00:00:00.0153087" startTime="2026-02-19T20:41:15.2013719+00:00" endTime="2026-02-19T20:41:15.2157748+00:00" testType="13cdc9d9-ddb5-4fa4-a97d-d965ccfc6d4b" outcome="Passed" testListId="8c84fa94-04c1-424b-9868-57a2d4851a1d" relativeResultsDirectory="1c734bd5-da1c-4ddd-a9db-2d8b46524308" />
    <UnitTestResult executionId="63402f1e-31bb-43ff-9a56-ccc5bde62a3b" testId="e79a81b6-e3fe-2271-b5ef-50d2ccd874b6" testName="UniTask.Tests.ModelExtensionsTests.DeletingTask_DeletesRelations" computerName="runnervmwffz4" duration="00:00:00.1603777" startTime="2026-02-19T20:41:15.1814949+00:00" endTime="2026-02-19T20:41:15.3425900+00:00" testType="13cdc9d9-ddb5-4fa4-a97d-d965ccfc6d4b" outcome="Passed" testListId="8c84fa94-04c1-424b-9868-57a2d4851a1d" relativeResultsDirectory="63402f1e-31bb-43ff-9a56-ccc5bde62a3b" />
    <UnitTestResult executionId="1c61b923-5ba1-41df-b680-f2f50bee8022" testId="942369fa-e37c-178b-3e25-4d7d343d6dae" testName="UniTask.Tests.LocalAdapterTests.GetTaskByIdAsync_ReturnsDto_WhenTaskExists" computerName="runnervmwffz4" duration="00:00:00.0207234" startTime="2026-02-19T20:41:15.4373774+00:00" endTime="2026-02-19T20:41:15.4558504+00:00" testType="13cdc9d9-ddb5-4fa4-a97d-d965ccfc6d4b" outcome="Passed" testListId="8c84fa94-04c1-424b-9868-57a2d4851a1d" relativeResultsDirectory="1c61b923-5ba1-41df-b680-f2f50bee8022" />
  </Results>
  <TestDefinitions>
    <UnitTest name="UniTask.Tests.ModelExtensionsTests.TaskItemRelation_MultipleTasks_CanHaveMultipleRelations" storage="/home/runner/work/uni-task/uni-task/unitask.tests/bin/debug/net10.0/unitask.tests.dll" id="e0ffd8c9-7e00-d8a6-ed48-d97850523525">
      <Execution id="88762b40-fd62-4023-a1de-d9ceeb9df952" />
      <TestMethod codeBase="/home/runner/work/uni-task/uni-task/UniTask.Tests/bin/Debug/net10.0/UniTask.Tests.dll" adapterTypeName="executor://xunit/VsTestRunner3/netcore/" className="UniTask.Tests.ModelExtensionsTests" name="TaskItemRelation_MultipleTasks_CanHaveMultipleRelations" />
    </UnitTest>
    <UnitTest name="UniTask.Tests.LocalAdapterTests.DeleteTaskAsync_DeletesTask_WhenTaskExists" storage="/home/runner/work/uni-task/uni-task/unitask.tests/bin/debug/net10.0/unitask.tests.dll" id="2c487263-a4c6-cc11-6dda-ae2dfde2cc68">
      <Execution id="f32746cb-d443-4f75-8076-e92db5aa74a4" />
      <TestMethod codeBase="/home/runner/work/uni-task/uni-task/UniTask.Tests/bin/Debug/net10.0/UniTask.Tests.dll" adapterTypeName="executor://xunit/VsTestRunner3/netcore/" className="UniTask.Tests.LocalAdapterTests" name="DeleteTaskAsync_DeletesTask_WhenTaskExists" />
    </UnitTest>
    <UnitTest name="UniTask.Tests.ProjectModelTests.TaskType_CanBeGlobal_WithoutProject" storage="/home/runner/work/uni-task/uni-task/unitask.tests/bin/debug/net10.0/unitask.tests.dll" id="ee4dd0be-b97e-7d40-fe0b-a9edd377c0b8">
      <Execution id="913dad77-cfd9-4683-9402-4d1b584d4ba7" />
      <TestMethod codeBase="/home/runner/work/uni-task/uni-task/UniTask.Tests/bin/Debug/net10.0/UniTask.Tests.dll" adapterTypeName="executor://xunit/VsTestRunner3/netcore/" className="UniTask.Tests.ProjectModelTests" name="TaskType_CanBeGlobal_WithoutProject" />
    </UnitTest>
    <UnitTest name="UniTask.Tests.TaskCommandHandlerTests.AddTaskLabel_DoesNotAddDuplicateLabel_WhenLabelAlreadyExists" storage="/home/runner/work/uni-task/uni-task/unitask.tests/bin/debug/net10.0/unitask.tests.dll" id="d6378eac-db8d-398e-2698-a1ff46538236">
      <Execution id="2cd16661-4202-4a41-9eb7-47ddbd914fcc" />
      <TestMethod codeBase="/home/runner/work/uni-task/uni-task/UniTask.Tests/bin/Debug/net10.0/UniTask.Tests.dll" adapterTypeName="executor://xunit/VsTestRunner3/netcore/" className="UniTask.Tests.TaskCommandHandlerTests" name="AddTaskLabel_DoesNotAddDuplicateLabel_WhenLabelAlreadyExists" />
    </UnitTest>
    <UnitTest name="UniTask.Tests.AnyTests.AttachmentDto_GeneratesValidAttachmentDto" storage="/home/runner/work/uni-task/uni-task/unitask.tests/bin/debug/net10.0/unitask.tests.dll" id="af15df7c-b8bb-a2a7-15ca-726edb24c2ed">
      <Execution id="d8c0d60d-a0d9-4883-9df8-621abcfdcde0" />
      <TestMethod codeBase="/home/runner/work/uni-task/uni-task/UniTask.Tests/bin/Debug/net10.0/UniTask.Tests.dll" adapterTypeName="executor://xunit/VsTestRunner3/netcore/" className="UniTask.Tests.AnyTests" name="AttachmentDto_GeneratesValidAttachmentDto" />
    </UnitTest>
    <UnitTest name="UniTask.Tests.ModelExtensionsTests.TaskItemRelation_BidirectionalRelations" storage="/home/runner/work/uni-task/uni-task/unitask.tests/bin/debug/net10.0/unitask.tests.dll" id="5221f117-040a-de25-fcd5-c572beb3b942">
      <Execution id="36c028cd-ff88-473f-a6fb-2ee647cb012a" />
      <TestMethod codeBase="/home/runner/work/uni-task/uni-task/UniTask.Tests/bin/Debug/net10.0/UniTask.Tests.dll" adapterTypeName="executor://xunit/VsTestRunner3/netcore/" className="UniTask.Tests.ModelExtensionsTests" name="TaskItemRelation_BidirectionalRelations" />
    </UnitTest>
    <UnitTest name="UniTask.Tests.TasksControllerTests.CreateTask_ReturnsCreatedTask" storage="/home/runner/work/uni-task/uni-task/unitask.tests/bin/debug/net10.0/unitask.tests.dll" id="75b3ad7a-5001-f559-04cc-b862a3e120e8">
      <Execution id="a80b75ef-cb6f-4c2f-ac18-12f7f033cc3c" />
      <TestMethod codeBase="/home/runner/work/uni-task/uni-task/UniTask.Tests/bin/Debug/net10.0/UniTask.Tests.dll" adapterTypeName="executor://xunit/VsTestRunner3/netcore/" className="UniTask.Tests.TasksControllerTests" name="CreateTask_ReturnsCreatedTask" />
    </UnitTest>
    <UnitTest name="UniTask.Tests.ProjectModelTests.TaskType_HasProjectReference" storage="/home/runner/work/uni-task/uni-task/unitask.tests/bin/debug/net10.0/unitask.tests.dll" id="392fb69c-085b-f79e-538b-2853f3c8f9b3">
      <Execution id="a518021f-5b0e-402a-9fe7-79bd5247cd55" />
      <TestMethod codeBase="/home/runner/work/uni-task/uni-task/UniTask.Tests/bin/Debug/net10.0/UniTask.Tests.dll" adapterTypeName="executor://xunit/VsTestRunner3/netcore/" className="UniTask.Tests.ProjectModelTests" name="TaskType_HasProjectReference" />
    </UnitTest>
    <UnitTest name="UniTask.Tests.TasksControllerTests.GetTask_ReturnsTask_WhenTaskExists" storage="/home/runner/work/uni-task/uni-task/unitask.tests/bin/debug/net10.0/unitask.tests.dll" id="db592ed5-76e1-9fd3-dd69-09f8e84c9b27">
      <Execution id="decccd3a-3c53-482b-a70c-e6d5b0463b9e" />
      <TestMethod codeBase="/home/runner/work/uni-task/uni-task/UniTask.Tests/bin/Debug/net10.0/UniTask.Tests.dll" adapterTypeName="executor://xunit/VsTestRunner3/netcore/" className="UniTask.Tests.TasksControllerTests" name="GetTask_ReturnsTask_WhenTaskExists" />
    </UnitTest>
    <UnitTest name="UniTask.Tests.AnyTests.Status_GeneratesValidStatus" storage="/home/runner/work/uni-task/uni-task/unitask.tests/bin/debug/net10.0/unitask.tests.dll" id="8de6edf7-0148-5fff-e856-bc582041280f">
      <Execution id="ea22e830-cf3c-4a7c-9c18-56f1a21968ac" />
      <TestMethod codeBase="/home/runner/work/uni-task/uni-task/UniTask.Tests/bin/Debug/net10.0/UniTask.Tests.dll" adapterTypeName="executor://xunit/VsTestRunner3/netcore/" className="UniTask.Tests.AnyTests" name="Status_GeneratesValidStatus" />
    </UnitTest>
    <UnitTest name="UniTask.Tests.LocalAdapterTests.CreateTaskAsync_CreatesTaskAndReturnsDto" storage="/home/runner/work/uni-task/uni-task/unitask.tests/bin/debug/net10.0/unitask.tests.dll" id="62ffd6b3-12db-f35f-7e86-d516059a3d71">
      <Execution id="0c72205d-8af0-4f01-8e4a-ccc448487ae8" />
      <TestMethod codeBase="/home/runner/work/uni-task/uni-task/UniTask.Tests/bin/Debug/net10.0/UniTask.Tests.dll" adapterTypeName="executor://xunit/VsTestRunner3/netcore/" className="UniTask.Tests.LocalAdapterTests" name="CreateTaskAsync_CreatesTaskAndReturnsDto" />
    </UnitTest>
    <UnitTest name="UniTask.Tests.UserModelTests.User_CanBeCreated_WithRequiredFields" storage="/home/runner/work/uni-task/uni-task/unitask.tests/bin/debug/net10.0/unitask.tests.dll" id="783ff723-0a51-7166-838c-5923e7c67117">
      <Execution id="c78a9aa3-8a10-468e-9d88-4d11799e6970" />
      <TestMethod codeBase="/home/runner/work/uni-task/uni-task/UniTask.Tests/bin/Debug/net10.0/UniTask.Tests.dll" adapterTypeName="executor://xunit/VsTestRunner3/netcore/" className="UniTask.Tests.UserModelTests" name="User_CanBeCreated_WithRequiredFields" />
    </UnitTest>
    <UnitTest name="UniTask.Tests.LocalAdapterTests.GetAllTasksAsync_ReturnsTasksWithRelatedData" storage="/home/runner/work/uni-task/uni-task/unitask.tests/bin/debug/net10.0/unitask.tests.dll" id="594244ad-9c38-c1e1-de79-8a2d3881a935">
      <Execution id="1d437f3a-a64a-47f0-b2cc-41f98a446abb" />
      <TestMethod codeBase="/home/runner/work/uni-task/uni-task/UniTask.Tests/bin/Debug/net10.0/UniTask.Tests.dll" adapterTypeName="executor://xunit/VsTestRunner3/netcore/" className="UniTask.Tests.LocalAdapterTests" name="GetAllTasksAsync_ReturnsTasksWithRelatedData" />
    </UnitTest>
    <UnitTest name="UniTask.Tests.OrganisationModelTests.Organisation_CanHaveMembers" storage="/home/runner/work/uni-task/uni-task/unitask.tests/bin/debug/net10.0/unitask.tests.dll" id="d22e557c-d774-437e-a8b8-0893aa31ceb3">
      <Execution id="4a2bd0b2-b0b7-4f77-b5c7-914c38e401d5" />
      <TestMethod codeBase="/home/runner/work/uni-task/uni-task/UniTask.Tests/bin/Debug/net10.0/UniTask.Tests.dll" adapterTypeName="executor://xunit/VsTestRunner3/netcore/" className="UniTask.Tests.OrganisationModelTests" name="Organisation_CanHaveMembers" />
    </UnitTest>
    <UnitTest name="UniTask.Tests.TaskCommandHandlerTests.RemoveTaskLabel_ReturnsNotFound_WhenTaskDoesNotExist" storage="/home/runner/work/uni-task/uni-task/unitask.tests/bin/debug/net10.0/unitask.tests.dll" id="fed436c3-699f-8b81-cbd1-1b38eb9b0f5b">
      <Execution id="cd49b7e7-d597-459a-a0bf-92fd031fe26b" />
      <TestMethod codeBase="/home/runner/work/uni-task/uni-task/UniTask.Tests/bin/Debug/net10.0/UniTask.Tests.dll" adapterTypeName="executor://xunit/VsTestRunner3/netcore/" className="UniTask.Tests.TaskCommandHandlerTests" name="RemoveTaskLabel_ReturnsNotFound_WhenTaskDoesNotExist" />
    </UnitTest>
    <UnitTest name="UniTask.Tests.LocalAdapterTests.GetTaskByIdAsync_ReturnsDto_WhenTaskExists" storage="/home/runner/work/uni-task/uni-task/unitask.tests/bin/debug/net10.0/unitask.tests.dll" id="942369fa-e37c-178b-3e25-4d7d343d6dae">
      <Execution id="1c61b923-5ba1-41df-b680-f2f50bee8022" />
      <TestMethod codeBase="/home/runner/work/uni-task/uni-task/UniTask.Tests/bin/Debug/net10.0/UniTask.Tests.dll" adapterTypeName="executor://xunit/VsTestRunner3/netcore/" className="UniTask.Tests.LocalAdapterTests" name="GetTaskByIdAsync_ReturnsDto_WhenTaskExists" />
    </UnitTest>
    <UnitTest name="UniTask.Tests.ModelExtensionsTests.DeletingTask_DeletesRelations" storage="/home/runner/work/uni-task/uni-task/unitask.tests/bin/debug/net10.0/unitask.tests.dll" id="e79a81b6-e3fe-2271-b5ef-50d2ccd874b6">
      <Execution id="63402f1e-31bb-43ff-9a56-ccc5bde62a3b" />
      <TestMethod codeBase="/home/runner/work/uni-task/uni-task/UniTask.Tests/bin/Debug/net10.0/UniTask.Tests.dll" adapterTypeName="executor://xunit/VsTestRunner3/netcore/" className="UniTask.Tests.ModelExtensionsTests" name="DeletingTask_DeletesRelations" />
    </UnitTest>
    <UnitTest name="UniTask.Tests.ModelExtensionsTests.TaskType_CanHaveExternalId" storage="/home/runner/work/uni-task/uni-task/unitask.tests/bin/debug/net10.0/unitask.tests.dll" id="d7bfc712-4896-e578-baa5-2f00d73bffb8">
      <Execution id="b3845111-0476-4d33-87a9-b5e22fbb50b0" />
      <TestMethod codeBase="/home/runner/work/uni-task/uni-task/UniTask.Tests/bin/Debug/net10.0/UniTask.Tests.dll" adapterTypeName="executor://xunit/VsTestRunner3/netcore/" className="UniTask.Tests.ModelExtensionsTests" name="TaskType_CanHaveExternalId" />
    </UnitTest>
    <UnitTest name="UniTask.Tests.AnyTests.Attachment_AllowsOverridingProperties" storage="/home/runner/work/uni-task/uni-task/unitask.tests/bin/debug/net10.0/unitask.tests.dll" id="6010ab76-9e1b-7a48-c597-bbdb4862d023">
      <Execution id="a8d3806d-8574-4481-9d17-49ab6ba59f7b" />
      <TestMethod codeBase="/home/runner/work/uni-task/uni-task/UniTask.Tests/bin/Debug/net10.0/UniTask.Tests.dll" adapterTypeName="executor://xunit/VsTestRunner3/netcore/" className="UniTask.Tests.AnyTests" name="Attachment_AllowsOverridingProperties" />
    </UnitTest>
    <UnitTest name="UniTask.Tests.AnyTests.DateTime_GeneratesValidDateTime" storage="/home/runner/work/uni-task/uni-task/unitask.tests/bin/debug/net10.0/unitask.tests.dll" id="37d9f947-3e98-0d3d-ccbd-41cb66126574">
      <Execution id="a0abfe0c-d2b7-4097-976f-c111247fa55f" />
      <TestMethod codeBase="/home/runner/work/uni-task/uni-task/UniTask.Tests/bin/Debug/net10.0/UniTask.Tests.dll" adapterTypeName="executor://xunit/VsTestRunner3/netcore/" className="UniTask.Tests.AnyTests" name="DateTime_GeneratesValidDateTime" />
    </UnitTest>
    <UnitTest name="UniTask.Tests.ModelExtensionsTests.TaskItem_CanHaveNullParent" storage="/home/runner/work/uni-task/uni-task/unitask.tests/bin/debug/net10.0/unitask.tests.dll" id="3ec25add-261b-74c0-3a3b-c6738462a125">
      <Execution id="a512b8e7-5502-4680-9b7d-ca14d6e1a26f" />
      <TestMethod codeBase="/home/runner/work/uni-task/uni-task/UniTask.Tests/bin/Debug/net10.0/UniTask.Tests.dll" adapterTypeName="executor://xunit/VsTestRunner3/netcore/" className="UniTask.Tests.ModelExtensionsTests" name="TaskItem_CanHaveNullParent" />
    </UnitTest>
    <UnitTest name="UniTask.Tests.OrganisationModelTests.DeletingOrganisation_SetsProjectOrganisationIdToNull" storage="/home/runner/work/uni-task/uni-task/unitask.tests/bin/debug/net10.0/unitask.tests.dll" id="c4e82c74-6991-74cc-6310-521200fdacc0">
      <Execution id="bf2c3acf-a2b7-4840-ada7-cc4345702b7c" />
      <TestMethod codeBase="/home/runner/work/uni-task/uni-task/UniTask.Tests/bin/Debug/net10.0/UniTask.Tests.dll" adapterTypeName="executor://xunit/VsTestRunner3/netcore/" className="UniTask.Tests.OrganisationModelTests" name="DeletingOrganisation_SetsProjectOrganisationIdToNull" />
    </UnitTest>
    <UnitTest name="UniTask.Tests.TaskCommandHandlerTests.AssignMemberToTask_ReturnsNotFound_WhenTaskDoesNotExist" storage="/home/runner/work/uni-task/uni-task/unitask.tests/bin/debug/net10.0/unitask.tests.dll" id="dcc9bb68-1fac-9337-970e-fc9d27c4afea">
      <Execution id="751bf7ec-3611-4285-89c3-9053aa1fa14e" />
      <TestMethod codeBase="/home/runner/work/uni-task/uni-task/UniTask.Tests/bin/Debug/net10.0/UniTask.Tests.dll" adapterTypeName="executor://xunit/VsTestRunner3/netcore/" className="UniTask.Tests.TaskCommandHandlerTests" name="AssignMemberToTask_ReturnsNotFound_WhenTaskDoesNotExist" />
    </UnitTest>
    <UnitTest name="UniTask.Tests.LocalAdapterTests.GetTaskByIdAsync_ReturnsNull_WhenTaskDoesNotExist" storage="/home/runner/work/uni-task/uni-task/unitask.tests/bin/debug/net10.0/unitask.tests.dll" id="0cd31fec-f237-ff01-cdb6-3dc1700a2b9f">
      <Execution id="d135efe1-9b4d-4576-b1eb-a3dd9d46e6e1" />
      <TestMethod codeBase="/home/runner/work/uni-task/uni-task/UniTask.Tests/bin/Debug/net10.0/UniTask.Tests.dll" adapterTypeName="executor://xunit/VsTestRunner3/netcore/" className="UniTask.Tests.LocalAdapterTests" name="GetTaskByIdAsync_ReturnsNull_WhenTaskDoesNotExist" />
    </UnitTest>
    <UnitTest name="UniTask.Tests.TaskCommandHandlerTests.ChangeTaskStatus_UpdatesTaskStatus_WhenTaskExists" storage="/home/runner/work/uni-task/uni-task/unitask.tests/bin/debug/net10.0/unitask.tests.dll" id="3bac522d-a633-ad44-68af-61c2803f9a7e">
      <Execution id="acff21a2-d255-41cc-9fd4-30016d08fba9" />
      <TestMethod codeBase="/home/runner/work/uni-task/uni-task/UniTask.Tests/bin/Debug/net10.0/UniTask.Tests.dll" adapterTypeName="executor://xunit/VsTestRunner3/netcore/" className="UniTask.Tests.TaskCommandHandlerTests" name="ChangeTaskStatus_UpdatesTaskStatus_WhenTaskExists" />
    </UnitTest>
    <UnitTest name="UniTask.Tests.TasksControllerTests.UpdateTask_UpdatesTask_WhenTaskExists" storage="/home/runner/work/uni-task/uni-task/unitask.tests/bin/debug/net10.0/unitask.tests.dll" id="09972f5b-10b1-28ff-9049-015c74133f83">
      <Execution id="e6d2b801-4583-4866-a4b9-82258f19bb46" />
      <TestMethod codeBase="/home/runner/work/uni-task/uni-task/UniTask.Tests/bin/Debug/net10.0/UniTask.Tests.dll" adapterTypeName="executor://xunit/VsTestRunner3/netcore/" className="UniTask.Tests.TasksControllerTests" name="UpdateTask_UpdatesTask_WhenTaskExists" />
    </UnitTest>
    <UnitTest name="UniTask.Tests.AnyTests.TaskItem_GeneratesValidTaskItem" storage="/home/runner/work/uni-task/uni-task/unitask.tests/bin/debug/net10.0/unitask.tests.dll" id="5a7781ff-895f-9cf9-0854-03f3ed95ef26">
      <Execution id="4e2eaa3b-98c2-42b7-bb9c-fd0346a4d112" />
      <TestMethod codeBase="/home/runner/work/uni-task/uni-task/UniTask.Tests/bin/Debug/net10.0/UniTask.Tests.dll" adapterTypeName="executor://xunit/VsTestRunner3/netcore/" className="UniTask.Tests.AnyTests" name="TaskItem_GeneratesValidTaskItem" />
    </UnitTest>
    <UnitTest name="UniTask.Tests.TaskCommandHandlerTests.AddTaskLabel_AddsLabelToTask_WhenBothExist" storage="/home/runner/work/uni-task/uni-task/unitask.tests/bin/debug/net10.0/unitask.tests.dll" id="009d484c-a03f-3aeb-79a9-403b4bbf024e">
      <Execution id="81195868-2ac5-4895-a8fd-3157b825faf4" />
      <TestMethod codeBase="/home/runner/work/uni-task/uni-task/UniTask.Tests/bin/Debug/net10.0/UniTask.Tests.dll" adapterTypeName="executor://xunit/VsTestRunner3/netcore/" className="UniTask.Tests.TaskCommandHandlerTests" name="AddTaskLabel_AddsLabelToTask_WhenBothExist" />
    </UnitTest>
    <UnitTest name="UniTask.Tests.AnyTests.String_GeneratesStringOfSpecifiedLength" storage="/home/runner/work/uni-task/uni-task/unitask.tests/bin/debug/net10.0/unitask.tests.dll" id="eaa57a50-0a5b-f157-7251-bb91231d7dd4">
      <Execution id="dd51548e-9439-4ade-9180-22b665f7a6f2" />
      <TestMethod codeBase="/home/runner/work/uni-task/uni-task/UniTask.Tests/bin/Debug/net10.0/UniTask.Tests.dll" adapterTypeName="executor://xunit/VsTestRunner3/netcore/" className="UniTask.Tests.AnyTests" name="String_GeneratesStringOfSpecifiedLength" />
    </UnitTest>
    <UnitTest name="UniTask.Tests.OrganisationModelTests.Organisation_CanHaveProjects" storage="/home/runner/work/uni-task/uni-task/unitask.tests/bin/debug/net10.0/unitask.tests.dll" id="cd1b09d4-6155-9311-f91f-9b45aa2ce0aa">
      <Execution id="135acfb0-28dd-489e-8319-4b65ab9852cf" />
      <TestMethod codeBase="/home/runner/work/uni-task/uni-task/UniTask.Tests/bin/Debug/net10.0/UniTask.Tests.dll" adapterTypeName="executor://xunit/VsTestRunner3/netcore/" className="UniTask.Tests.OrganisationModelTests" name="Organisation_CanHaveProjects" />
    </UnitTest>
    <UnitTest name="UniTask.Tests.TaskCommandHandlerTests.AddTaskLabel_ReturnsNotFound_WhenTaskDoesNotExist" storage="/home/runner/work/uni-task/uni-task/unitask.tests/bin/debug/net10.0/unitask.tests.dll" id="bd9d287d-ff89-9088-8c4b-0d1afc69b169">
      <Execution id="6f2929e0-cea5-42e8-b019-861e5e069aaa" />
      <TestMethod codeBase="/home/runner/work/uni-task/uni-task/UniTask.Tests/bin/Debug/net10.0/UniTask.Tests.dll" adapterTypeName="executor://xunit/VsTestRunner3/netcore/" className="UniTask.Tests.TaskCommandHandlerTests" name="AddTaskLabel_ReturnsNotFound_WhenTaskDoesNotExist" />
    </UnitTest>
    <UnitTest name="UniTask.Tests.AnyTests.Board_GeneratesValidBoard" storage="/home/runner/work/uni-task/uni-task/unitask.tests/bin/debug/net10.0/unitask.tests.dll" id="15d605c0-d031-a0a9-f659-9a56485b76d2">
      <Execution id="17449a33-fd64-41f5-876a-8deb5c3a076d" />
      <TestMethod codeBase="/home/runner/work/uni-task/uni-task/UniTask.Tests/bin/Debug/net10.0/UniTask.Tests.dll" adapterTypeName="executor://xunit/VsTestRunner3/netcore/" className="UniTask.Tests.AnyTests" name="Board_GeneratesValidBoard" />
    </UnitTest>
    <UnitTest name="UniTask.Tests.TaskCommandHandlerTests.AssignMemberToTask_UpdatesAssignedTo_WhenTaskExists" storage="/home/runner/work/uni-task/uni-task/unitask.tests/bin/debug/net10.0/unitask.tests.dll" id="b501ba69-c41d-cde0-ed5c-29daf65df905">
      <Execution id="15564611-b05a-40c9-8e9c-02660b6ef905" />
      <TestMethod codeBase="/home/runner/work/uni-task/uni-task/UniTask.Tests/bin/Debug/net10.0/UniTask.Tests.dll" adapterTypeName="executor://xunit/VsTestRunner3/netcore/" className="UniTask.Tests.TaskCommandHandlerTests" name="AssignMemberToTask_UpdatesAssignedTo_WhenTaskExists" />
    </UnitTest>
    <UnitTest name="UniTask.Tests.LocalAdapterTests.GetAllTasksAsync_ReturnsEmptyList_WhenNoTasks" storage="/home/runner/work/uni-task/uni-task/unitask.tests/bin/debug/net10.0/unitask.tests.dll" id="b21ff1a8-c8d3-bc40-1f0b-ea5cf1ce3925">
      <Execution id="f7d46c8c-3bf5-45d4-836d-ca78210ab6b0" />
      <TestMethod codeBase="/home/runner/work/uni-task/uni-task/UniTask.Tests/bin/Debug/net10.0/UniTask.Tests.dll" adapterTypeName="executor://xunit/VsTestRunner3/netcore/" className="UniTask.Tests.LocalAdapterTests" name="GetAllTasksAsync_ReturnsEmptyList_WhenNoTasks" />
    </UnitTest>
    <UnitTest name="UniTask.Tests.TasksControllerTests.DeleteTask_DeletesTask_WhenTaskExists" storage="/home/runner/work/uni-task/uni-task/unitask.tests/bin/debug/net10.0/unitask.tests.dll" id="3a6eb538-1c92-a232-0bbf-ef7473685580">
      <Execution id="81df9804-4f59-4d83-9285-d2b2ccc81757" />
      <TestMethod codeBase="/home/runner/work/uni-task/uni-task/UniTask.Tests/bin/Debug/net10.0/UniTask.Tests.dll" adapterTypeName="executor://xunit/VsTestRunner3/netcore/" className="UniTask.Tests.TasksControllerTests" name="DeleteTask_DeletesTask_WhenTaskExists" />
    </UnitTest>
    <UnitTest name="UniTask.Tests.LocalAdapterTests.DeleteTaskAsync_ReturnsFalse_WhenTaskDoesNotExist" storage="/home/runner/work/uni-task/uni-task/unitask.tests/bin/debug/net10.0/unitask.tests.dll" id="9b406fe6-9b20-3e91-74df-134658b3ee61">
      <Execution id="a5b43038-ba6f-4e8a-b8ea-ae2bee2e9146" />
      <TestMethod codeBase="/home/runner/work/uni-task/uni-task/UniTask.Tests/bin/Debug/net10.0/UniTask.Tests.dll" adapterTypeName="executor://xunit/VsTestRunner3/netcore/" className="UniTask.Tests.LocalAdapterTests" name="DeleteTaskAsync_ReturnsFalse_WhenTaskDoesNotExist" />
    </UnitTest>
    <UnitTest name="UniTask.Tests.OrganisationModelTests.Project_HasOptionalOrganisationReference" storage="/home/runner/work/uni-task/uni-task/unitask.tests/bin/debug/net10.0/unitask.tests.dll" id="b8449f79-1528-0645-6407-4466b7476ef6">
      <Execution id="a9a2fe25-8e61-4d55-ab72-b1a1370adb65" />
      <TestMethod codeBase="/home/runner/work/uni-task/uni-task/UniTask.Tests/bin/Debug/net10.0/UniTask.Tests.dll" adapterTypeName="executor://xunit/VsTestRunner3/netcore/" className="UniTask.Tests.OrganisationModelTests" name="Project_HasOptionalOrganisationReference" />
    </UnitTest>
    <UnitTest name="UniTask.Tests.TasksControllerTests.GetTasks_ReturnsEmptyList_WhenNoTasks" storage="/home/runner/work/uni-task/uni-task/unitask.tests/bin/debug/net10.0/unitask.tests.dll" id="dd63dd44-11fe-17d2-1613-8e43a3977fe0">
      <Execution id="f61dc81d-b4d8-40e4-854d-46d09f7b41b6" />
      <TestMethod codeBase="/home/runner/work/uni-task/uni-task/UniTask.Tests/bin/Debug/net10.0/UniTask.Tests.dll" adapterTypeName="executor://xunit/VsTestRunner3/netcore/" className="UniTask.Tests.TasksControllerTests" name="GetTasks_ReturnsEmptyList_WhenNoTasks" />
    </UnitTest>
    <UnitTest name="UniTask.Tests.AnyTests.TaskItem_AllowsOverridingProperties" storage="/home/runner/work/uni-task/uni-task/unitask.tests/bin/debug/net10.0/unitask.tests.dll" id="bdec2c9f-806d-33ff-4690-cb9bfd362901">
      <Execution id="84b5ea5e-c8cc-4db6-b9e9-45e75626e4bf" />
      <TestMethod codeBase="/home/runner/work/uni-task/uni-task/UniTask.Tests/bin/Debug/net10.0/UniTask.Tests.dll" adapterTypeName="executor://xunit/VsTestRunner3/netcore/" className="UniTask.Tests.AnyTests" name="TaskItem_AllowsOverridingProperties" />
    </UnitTest>
    <UnitTest name="UniTask.Tests.ModelExtensionsTests.TaskItemRelation_DependsOn_Relationship" storage="/home/runner/work/uni-task/uni-task/unitask.tests/bin/debug/net10.0/unitask.tests.dll" id="071b0728-7a5e-0dd0-87fb-af620308d039">
      <Execution id="a2b0b0ec-6b90-421a-8edd-78be5de85c24" />
      <TestMethod codeBase="/home/runner/work/uni-task/uni-task/UniTask.Tests/bin/Debug/net10.0/UniTask.Tests.dll" adapterTypeName="executor://xunit/VsTestRunner3/netcore/" className="UniTask.Tests.ModelExtensionsTests" name="TaskItemRelation_DependsOn_Relationship" />
    </UnitTest>
    <UnitTest name="UniTask.Tests.TaskCommandHandlerTests.UpdateTaskWithCommand_ReturnsNotFound_WhenTaskDoesNotExist" storage="/home/runner/work/uni-task/uni-task/unitask.tests/bin/debug/net10.0/unitask.tests.dll" id="9df3657b-6691-0af2-a111-35159fcc80a8">
      <Execution id="b958055e-d66b-428d-9d68-6aa48554d54f" />
      <TestMethod codeBase="/home/runner/work/uni-task/uni-task/UniTask.Tests/bin/Debug/net10.0/UniTask.Tests.dll" adapterTypeName="executor://xunit/VsTestRunner3/netcore/" className="UniTask.Tests.TaskCommandHandlerTests" name="UpdateTaskWithCommand_ReturnsNotFound_WhenTaskDoesNotExist" />
    </UnitTest>
    <UnitTest name="UniTask.Tests.ProjectModelTests.Project_CanHaveTaskTypes" storage="/home/runner/work/uni-task/uni-task/unitask.tests/bin/debug/net10.0/unitask.tests.dll" id="4eb0ad7e-60bd-c82f-8fce-a5e4145c6f30">
      <Execution id="dbc41700-63cc-4057-ba31-c1a43ff54946" />
      <TestMethod codeBase="/home/runner/work/uni-task/uni-task/UniTask.Tests/bin/Debug/net10.0/UniTask.Tests.dll" adapterTypeName="executor://xunit/VsTestRunner3/netcore/" className="UniTask.Tests.ProjectModelTests" name="Project_CanHaveTaskTypes" />
    </UnitTest>
    <UnitTest name="UniTask.Tests.ProjectsControllerTests.CreateProject_WithOnlyName_ReturnsCreatedProject" storage="/home/runner/work/uni-task/uni-task/unitask.tests/bin/debug/net10.0/unitask.tests.dll" id="c45cde67-afdd-6baa-8914-04a44c553acd">
      <Execution id="974b7e08-2ca1-4abc-8154-da51005de40f" />
      <TestMethod codeBase="/home/runner/work/uni-task/uni-task/UniTask.Tests/bin/Debug/net10.0/UniTask.Tests.dll" adapterTypeName="executor://xunit/VsTestRunner3/netcore/" className="UniTask.Tests.ProjectsControllerTests" name="CreateProject_WithOnlyName_ReturnsCreatedProject" />
    </UnitTest>
    <UnitTest name="UniTask.Tests.ModelExtensionsTests.Status_CanHaveExternalId" storage="/home/runner/work/uni-task/uni-task/unitask.tests/bin/debug/net10.0/unitask.tests.dll" id="52a8e5f4-a085-6160-fd33-f0079ac0ddc7">
      <Execution id="ba8ab3b7-0442-47d5-bebf-d1b0ed28192a" />
      <TestMethod codeBase="/home/runner/work/uni-task/uni-task/UniTask.Tests/bin/Debug/net10.0/UniTask.Tests.dll" adapterTypeName="executor://xunit/VsTestRunner3/netcore/" className="UniTask.Tests.ModelExtensionsTests" name="Status_CanHaveExternalId" />
    </UnitTest>
    <UnitTest name="UniTask.Tests.LocalAdapterTests.UpdateTaskAsync_ReturnsFalse_WhenTaskDoesNotExist" storage="/home/runner/work/uni-task/uni-task/unitask.tests/bin/debug/net10.0/unitask.tests.dll" id="52c1573d-e1ee-7864-a85c-0fa0f7b42c1c">
      <Execution id="267e8adf-2f74-4c81-a9ba-2bbb01bf4d56" />
      <TestMethod codeBase="/home/runner/work/uni-task/uni-task/UniTask.Tests/bin/Debug/net10.0/UniTask.Tests.dll" adapterTypeName="executor://xunit/VsTestRunner3/netcore/" className="UniTask.Tests.LocalAdapterTests" name="UpdateTaskAsync_ReturnsFalse_WhenTaskDoesNotExist" />
    </UnitTest>
    <UnitTest name="UniTask.Tests.ProjectsControllerTests.CreateProject_ReturnsCreatedProject" storage="/home/runner/work/uni-task/uni-task/unitask.tests/bin/debug/net10.0/unitask.tests.dll" id="61803e1a-4cc5-c171-77a1-25cacdba1060">
      <Execution id="31ecf9c5-3f86-4524-af50-b24ea379666f" />
      <TestMethod codeBase="/home/runner/work/uni-task/uni-task/UniTask.Tests/bin/Debug/net10.0/UniTask.Tests.dll" adapterTypeName="executor://xunit/VsTestRunner3/netcore/" className="UniTask.Tests.ProjectsControllerTests" name="CreateProject_ReturnsCreatedProject" />
    </UnitTest>
    <UnitTest name="UniTask.Tests.OrganisationModelTests.Organisation_CanBeCreated_WithRequiredFields" storage="/home/runner/work/uni-task/uni-task/unitask.tests/bin/debug/net10.0/unitask.tests.dll" id="a13090fd-df06-b669-bff2-440863f3d5fa">
      <Execution id="4c54eab4-d8eb-4d36-aacc-dee0c3984239" />
      <TestMethod codeBase="/home/runner/work/uni-task/uni-task/UniTask.Tests/bin/Debug/net10.0/UniTask.Tests.dll" adapterTypeName="executor://xunit/VsTestRunner3/netcore/" className="UniTask.Tests.OrganisationModelTests" name="Organisation_CanBeCreated_WithRequiredFields" />
    </UnitTest>
    <UnitTest name="UniTask.Tests.ProjectModelTests.DeletingProject_SetsTaskTypeProjectIdToNull" storage="/home/runner/work/uni-task/uni-task/unitask.tests/bin/debug/net10.0/unitask.tests.dll" id="5dde8aaf-5ee8-2ca9-c90a-d5cbabd69e93">
      <Execution id="1c734bd5-da1c-4ddd-a9db-2d8b46524308" />
      <TestMethod codeBase="/home/runner/work/uni-task/uni-task/UniTask.Tests/bin/Debug/net10.0/UniTask.Tests.dll" adapterTypeName="executor://xunit/VsTestRunner3/netcore/" className="UniTask.Tests.ProjectModelTests" name="DeletingProject_SetsTaskTypeProjectIdToNull" />
    </UnitTest>
    <UnitTest name="UniTask.Tests.AnyTests.Project_GeneratesValidProject" storage="/home/runner/work/uni-task/uni-task/unitask.tests/bin/debug/net10.0/unitask.tests.dll" id="4ebbc991-158a-bc0e-8a6a-a478166ce277">
      <Execution id="ab41cc72-4a06-4a8c-973a-a42809057648" />
      <TestMethod codeBase="/home/runner/work/uni-task/uni-task/UniTask.Tests/bin/Debug/net10.0/UniTask.Tests.dll" adapterTypeName="executor://xunit/VsTestRunner3/netcore/" className="UniTask.Tests.AnyTests" name="Project_GeneratesValidProject" />
    </UnitTest>
    <UnitTest name="UniTask.Tests.LocalAdapterTests.CreateTaskAsync_HandlesZeroPriority" storage="/home/runner/work/uni-task/uni-task/unitask.tests/bin/debug/net10.0/unitask.tests.dll" id="cf12f67c-2817-dbf7-4aea-e1cd0c1201a6">
      <Execution id="8a455425-38aa-4430-9af5-5a2e7bfbe582" />
      <TestMethod codeBase="/home/runner/work/uni-task/uni-task/UniTask.Tests/bin/Debug/net10.0/UniTask.Tests.dll" adapterTypeName="executor://xunit/VsTestRunner3/netcore/" className="UniTask.Tests.LocalAdapterTests" name="CreateTaskAsync_HandlesZeroPriority" />
    </UnitTest>
    <UnitTest name="UniTask.Tests.UserModelTests.User_CanBeProjectMember" storage="/home/runner/work/uni-task/uni-task/unitask.tests/bin/debug/net10.0/unitask.tests.dll" id="320dc253-5c5c-cd6e-9e63-4e2d2212756e">
      <Execution id="8b97077e-49fa-45db-81cc-fb405491fc95" />
      <TestMethod codeBase="/home/runner/work/uni-task/uni-task/UniTask.Tests/bin/Debug/net10.0/UniTask.Tests.dll" adapterTypeName="executor://xunit/VsTestRunner3/netcore/" className="UniTask.Tests.UserModelTests" name="User_CanBeProjectMember" />
    </UnitTest>
    <UnitTest name="UniTask.Tests.AnyTests.Email_GeneratesValidEmailFormat" storage="/home/runner/work/uni-task/uni-task/unitask.tests/bin/debug/net10.0/unitask.tests.dll" id="9e62d0e1-36fe-bb2c-df4b-9c847992fcdb">
      <Execution id="143e98dd-d426-49ac-9758-bffb6e945626" />
      <TestMethod codeBase="/home/runner/work/uni-task/uni-task/UniTask.Tests/bin/Debug/net10.0/UniTask.Tests.dll" adapterTypeName="executor://xunit/VsTestRunner3/netcore/" className="UniTask.Tests.AnyTests" name="Email_GeneratesValidEmailFormat" />
    </UnitTest>
    <UnitTest name="UniTask.Tests.TasksControllerTests.GetTask_ReturnsNotFound_WhenTaskDoesNotExist" storage="/home/runner/work/uni-task/uni-task/unitask.tests/bin/debug/net10.0/unitask.tests.dll" id="18edf245-2868-045d-b42f-53f7933de012">
      <Execution id="6eadb77e-1e4c-45fc-85fe-306d51e30201" />
      <TestMethod codeBase="/home/runner/work/uni-task/uni-task/UniTask.Tests/bin/Debug/net10.0/UniTask.Tests.dll" adapterTypeName="executor://xunit/VsTestRunner3/netcore/" className="UniTask.Tests.TasksControllerTests" name="GetTask_ReturnsNotFound_WhenTaskDoesNotExist" />
    </UnitTest>
    <UnitTest name="UniTask.Tests.ModelExtensionsTests.Board_CanHaveExternalId" storage="/home/runner/work/uni-task/uni-task/unitask.tests/bin/debug/net10.0/unitask.tests.dll" id="9f010edc-f2e7-4f68-3235-d6acd0c49d83">
      <Execution id="91ad2d91-9927-4cef-b20f-ef5d80f9b362" />
      <TestMethod codeBase="/home/runner/work/uni-task/uni-task/UniTask.Tests/bin/Debug/net10.0/UniTask.Tests.dll" adapterTypeName="executor://xunit/VsTestRunner3/netcore/" className="UniTask.Tests.ModelExtensionsTests" name="Board_CanHaveExternalId" />
    </UnitTest>
    <UnitTest name="UniTask.Tests.AnyTests.Project_AllowsOverridingProperties" storage="/home/runner/work/uni-task/uni-task/unitask.tests/bin/debug/net10.0/unitask.tests.dll" id="00aa7704-45a4-c48f-c3d2-c23285a27ba5">
      <Execution id="cf90f679-edb5-42d8-b482-337757e3ced6" />
      <TestMethod codeBase="/home/runner/work/uni-task/uni-task/UniTask.Tests/bin/Debug/net10.0/UniTask.Tests.dll" adapterTypeName="executor://xunit/VsTestRunner3/netcore/" className="UniTask.Tests.AnyTests" name="Project_AllowsOverridingProperties" />
    </UnitTest>
    <UnitTest name="UniTask.Tests.TaskCommandHandlerTests.ChangeTaskStatus_ReturnsNotFound_WhenTaskDoesNotExist" storage="/home/runner/work/uni-task/uni-task/unitask.tests/bin/debug/net10.0/unitask.tests.dll" id="dd31f3d4-b7b3-e08a-fc5c-67b93e4a916e">
      <Execution id="e6412ae6-e835-44bf-92bc-31c58a6e63c3" />
      <TestMethod codeBase="/home/runner/work/uni-task/uni-task/UniTask.Tests/bin/Debug/net10.0/UniTask.Tests.dll" adapterTypeName="executor://xunit/VsTestRunner3/netcore/" className="UniTask.Tests.TaskCommandHandlerTests" name="ChangeTaskStatus_ReturnsNotFound_WhenTaskDoesNotExist" />
    </UnitTest>
    <UnitTest name="UniTask.Tests.TaskCommandHandlerTests.RemoveTaskLabel_RemovesLabelFromTask_WhenBothExist" storage="/home/runner/work/uni-task/uni-task/unitask.tests/bin/debug/net10.0/unitask.tests.dll" id="479a27e7-c843-425f-65d5-a1c37e6ef953">
      <Execution id="12704ed3-f942-4008-b4af-83bbe8f40af0" />
      <TestMethod codeBase="/home/runner/work/uni-task/uni-task/UniTask.Tests/bin/Debug/net10.0/UniTask.Tests.dll" adapterTypeName="executor://xunit/VsTestRunner3/netcore/" className="UniTask.Tests.TaskCommandHandlerTests" name="RemoveTaskLabel_RemovesLabelFromTask_WhenBothExist" />
    </UnitTest>
    <UnitTest name="UniTask.Tests.UserModelTests.User_HasOptionalExternalIdAndDisplayName" storage="/home/runner/work/uni-task/uni-task/unitask.tests/bin/debug/net10.0/unitask.tests.dll" id="b4bbc100-8bdb-abc8-04fa-8e046455a0e4">
      <Execution id="4987f5ea-c4ac-4e7c-8f02-435d2cbfdddb" />
      <TestMethod codeBase="/home/runner/work/uni-task/uni-task/UniTask.Tests/bin/Debug/net10.0/UniTask.Tests.dll" adapterTypeName="executor://xunit/VsTestRunner3/netcore/" className="UniTask.Tests.UserModelTests" name="User_HasOptionalExternalIdAndDisplayName" />
    </UnitTest>
    <UnitTest name="UniTask.Tests.ModelExtensionsTests.Project_CanHaveExternalId" storage="/home/runner/work/uni-task/uni-task/unitask.tests/bin/debug/net10.0/unitask.tests.dll" id="6b79d3f9-36ed-2de8-0b10-d6cbef798c9f">
      <Execution id="ec3d6056-98ae-4628-a860-c3bc328c16c0" />
      <TestMethod codeBase="/home/runner/work/uni-task/uni-task/UniTask.Tests/bin/Debug/net10.0/UniTask.Tests.dll" adapterTypeName="executor://xunit/VsTestRunner3/netcore/" className="UniTask.Tests.ModelExtensionsTests" name="Project_CanHaveExternalId" />
    </UnitTest>
    <UnitTest name="UniTask.Tests.AnyTests.Int_GeneratesIntegerInRange" storage="/home/runner/work/uni-task/uni-task/unitask.tests/bin/debug/net10.0/unitask.tests.dll" id="30b1b6c9-ebc0-d2c1-c4c1-6fd8c2f3363a">
      <Execution id="fdff8955-38d4-4d58-af0e-79ff27e9a2d3" />
      <TestMethod codeBase="/home/runner/work/uni-task/uni-task/UniTask.Tests/bin/Debug/net10.0/UniTask.Tests.dll" adapterTypeName="executor://xunit/VsTestRunner3/netcore/" className="UniTask.Tests.AnyTests" name="Int_GeneratesIntegerInRange" />
    </UnitTest>
    <UnitTest name="UniTask.Tests.ModelExtensionsTests.Label_CanHaveTypeId" storage="/home/runner/work/uni-task/uni-task/unitask.tests/bin/debug/net10.0/unitask.tests.dll" id="e20559ec-73a3-6e69-c790-ff2fd4b404ca">
      <Execution id="d166486c-53c1-4a40-99db-811fc6ebd80e" />
      <TestMethod codeBase="/home/runner/work/uni-task/uni-task/UniTask.Tests/bin/Debug/net10.0/UniTask.Tests.dll" adapterTypeName="executor://xunit/VsTestRunner3/netcore/" className="UniTask.Tests.ModelExtensionsTests" name="Label_CanHaveTypeId" />
    </UnitTest>
    <UnitTest name="UniTask.Tests.AnyTests.Attachment_GeneratesValidAttachment" storage="/home/runner/work/uni-task/uni-task/unitask.tests/bin/debug/net10.0/unitask.tests.dll" id="7c761fbd-ea0d-a7d9-3b89-6188afe9bd96">
      <Execution id="18f8d129-e118-4fcb-a7df-56944fdb8537" />
      <TestMethod codeBase="/home/runner/work/uni-task/uni-task/UniTask.Tests/bin/Debug/net10.0/UniTask.Tests.dll" adapterTypeName="executor://xunit/VsTestRunner3/netcore/" className="UniTask.Tests.AnyTests" name="Attachment_GeneratesValidAttachment" />
    </UnitTest>
    <UnitTest name="UniTask.Tests.TaskCommandHandlerTests.AddTaskLabel_ReturnsNotFound_WhenLabelDoesNotExist" storage="/home/runner/work/uni-task/uni-task/unitask.tests/bin/debug/net10.0/unitask.tests.dll" id="4136efab-8a5d-e805-329c-ed7cb21352ce">
      <Execution id="c1976c7d-14bb-4cf9-853d-5eb9c709cc2e" />
      <TestMethod codeBase="/home/runner/work/uni-task/uni-task/UniTask.Tests/bin/Debug/net10.0/UniTask.Tests.dll" adapterTypeName="executor://xunit/VsTestRunner3/netcore/" className="UniTask.Tests.TaskCommandHandlerTests" name="AddTaskLabel_ReturnsNotFound_WhenLabelDoesNotExist" />
    </UnitTest>
    <UnitTest name="UniTask.Tests.LocalAdapterTests.CreateTaskAsync_StoresPriorityCorrectly" storage="/home/runner/work/uni-task/uni-task/unitask.tests/bin/debug/net10.0/unitask.tests.dll" id="c5952d5b-bf2f-14fb-8ad2-7ab4878b749d">
      <Execution id="b9886298-6b3d-4449-8c79-2d2814e603e2" />
      <TestMethod codeBase="/home/runner/work/uni-task/uni-task/UniTask.Tests/bin/Debug/net10.0/UniTask.Tests.dll" adapterTypeName="executor://xunit/VsTestRunner3/netcore/" className="UniTask.Tests.LocalAdapterTests" name="CreateTaskAsync_StoresPriorityCorrectly" />
    </UnitTest>
    <UnitTest name="UniTask.Tests.ModelExtensionsTests.TaskItem_ParentChild_Relationship" storage="/home/runner/work/uni-task/uni-task/unitask.tests/bin/debug/net10.0/unitask.tests.dll" id="a8987c80-2eaf-3f3e-dfba-14677595aca2">
      <Execution id="5c8d2a86-e62e-4197-a3ec-7ccb2926df4a" />
      <TestMethod codeBase="/home/runner/work/uni-task/uni-task/UniTask.Tests/bin/Debug/net10.0/UniTask.Tests.dll" adapterTypeName="executor://xunit/VsTestRunner3/netcore/" className="UniTask.Tests.ModelExtensionsTests" name="TaskItem_ParentChild_Relationship" />
    </UnitTest>
    <UnitTest name="UniTask.Tests.TaskCommandHandlerTests.UpdateTaskWithCommand_UpdatesTask_WhenTaskExists" storage="/home/runner/work/uni-task/uni-task/unitask.tests/bin/debug/net10.0/unitask.tests.dll" id="b2bbfec3-d94a-e72e-f004-33901ce7d700">
      <Execution id="760426b8-c4fe-4de7-8e13-30e49ec1389c" />
      <TestMethod codeBase="/home/runner/work/uni-task/uni-task/UniTask.Tests/bin/Debug/net10.0/UniTask.Tests.dll" adapterTypeName="executor://xunit/VsTestRunner3/netcore/" className="UniTask.Tests.TaskCommandHandlerTests" name="UpdateTaskWithCommand_UpdatesTask_WhenTaskExists" />
    </UnitTest>
    <UnitTest name="UniTask.Tests.LocalAdapterTests.UpdateTaskAsync_UpdatesTask_WhenTaskExists" storage="/home/runner/work/uni-task/uni-task/unitask.tests/bin/debug/net10.0/unitask.tests.dll" id="03bcba4c-a84e-d558-f78d-42a7b1da4408">
      <Execution id="2b5cc012-6e27-4670-944e-8a0fa04655be" />
      <TestMethod codeBase="/home/runner/work/uni-task/uni-task/UniTask.Tests/bin/Debug/net10.0/UniTask.Tests.dll" adapterTypeName="executor://xunit/VsTestRunner3/netcore/" className="UniTask.Tests.LocalAdapterTests" name="UpdateTaskAsync_UpdatesTask_WhenTaskExists" />
    </UnitTest>
    <UnitTest name="UniTask.Tests.AnyTests.Enum_ReturnsValidEnumValue" storage="/home/runner/work/uni-task/uni-task/unitask.tests/bin/debug/net10.0/unitask.tests.dll" id="f8f26838-9f38-56ff-6205-a806b821d697">
      <Execution id="83027aee-93af-41a8-bbb0-8a59a3ff32c0" />
      <TestMethod codeBase="/home/runner/work/uni-task/uni-task/UniTask.Tests/bin/Debug/net10.0/UniTask.Tests.dll" adapterTypeName="executor://xunit/VsTestRunner3/netcore/" className="UniTask.Tests.AnyTests" name="Enum_ReturnsValidEnumValue" />
    </UnitTest>
    <UnitTest name="UniTask.Tests.AnyTests.TaskType_GeneratesValidTaskType" storage="/home/runner/work/uni-task/uni-task/unitask.tests/bin/debug/net10.0/unitask.tests.dll" id="dbb9976e-4d3d-1c55-6cc9-e43b527a7caf">
      <Execution id="f40fb176-805a-4926-9750-95bbcbf59826" />
      <TestMethod codeBase="/home/runner/work/uni-task/uni-task/UniTask.Tests/bin/Debug/net10.0/UniTask.Tests.dll" adapterTypeName="executor://xunit/VsTestRunner3/netcore/" className="UniTask.Tests.AnyTests" name="TaskType_GeneratesValidTaskType" />
    </UnitTest>
  </TestDefinitions>
  <TestEntries>
    <TestEntry testId="dd63dd44-11fe-17d2-1613-8e43a3977fe0" executionId="f61dc81d-b4d8-40e4-854d-46d09f7b41b6" testListId="8c84fa94-04c1-424b-9868-57a2d4851a1d" />
    <TestEntry testId="a13090fd-df06-b669-bff2-440863f3d5fa" executionId="4c54eab4-d8eb-4d36-aacc-dee0c3984239" testListId="8c84fa94-04c1-424b-9868-57a2d4851a1d" />
    <TestEntry testId="f8f26838-9f38-56ff-6205-a806b821d697" executionId="83027aee-93af-41a8-bbb0-8a59a3ff32c0" testListId="8c84fa94-04c1-424b-9868-57a2d4851a1d" />
    <TestEntry testId="75b3ad7a-5001-f559-04cc-b862a3e120e8" executionId="a80b75ef-cb6f-4c2f-ac18-12f7f033cc3c" testListId="8c84fa94-04c1-424b-9868-57a2d4851a1d" />
    <TestEntry testId="30b1b6c9-ebc0-d2c1-c4c1-6fd8c2f3363a" executionId="fdff8955-38d4-4d58-af0e-79ff27e9a2d3" testListId="8c84fa94-04c1-424b-9868-57a2d4851a1d" />
    <TestEntry testId="db592ed5-76e1-9fd3-dd69-09f8e84c9b27" executionId="decccd3a-3c53-482b-a70c-e6d5b0463b9e" testListId="8c84fa94-04c1-424b-9868-57a2d4851a1d" />
    <TestEntry testId="071b0728-7a5e-0dd0-87fb-af620308d039" executionId="a2b0b0ec-6b90-421a-8edd-78be5de85c24" testListId="8c84fa94-04c1-424b-9868-57a2d4851a1d" />
    <TestEntry testId="18edf245-2868-045d-b42f-53f7933de012" executionId="6eadb77e-1e4c-45fc-85fe-306d51e30201" testListId="8c84fa94-04c1-424b-9868-57a2d4851a1d" />
    <TestEntry testId="37d9f947-3e98-0d3d-ccbd-41cb66126574" executionId="a0abfe0c-d2b7-4097-976f-c111247fa55f" testListId="8c84fa94-04c1-424b-9868-57a2d4851a1d" />
    <TestEntry testId="cf12f67c-2817-dbf7-4aea-e1cd0c1201a6" executionId="8a455425-38aa-4430-9af5-5a2e7bfbe582" testListId="8c84fa94-04c1-424b-9868-57a2d4851a1d" />
    <TestEntry testId="af15df7c-b8bb-a2a7-15ca-726edb24c2ed" executionId="d8c0d60d-a0d9-4883-9df8-621abcfdcde0" testListId="8c84fa94-04c1-424b-9868-57a2d4851a1d" />
    <TestEntry testId="a8987c80-2eaf-3f3e-dfba-14677595aca2" executionId="5c8d2a86-e62e-4197-a3ec-7ccb2926df4a" testListId="8c84fa94-04c1-424b-9868-57a2d4851a1d" />
    <TestEntry testId="9e62d0e1-36fe-bb2c-df4b-9c847992fcdb" executionId="143e98dd-d426-49ac-9758-bffb6e945626" testListId="8c84fa94-04c1-424b-9868-57a2d4851a1d" />
    <TestEntry testId="5a7781ff-895f-9cf9-0854-03f3ed95ef26" executionId="4e2eaa3b-98c2-42b7-bb9c-fd0346a4d112" testListId="8c84fa94-04c1-424b-9868-57a2d4851a1d" />
    <TestEntry testId="b501ba69-c41d-cde0-ed5c-29daf65df905" executionId="15564611-b05a-40c9-8e9c-02660b6ef905" testListId="8c84fa94-04c1-424b-9868-57a2d4851a1d" />
    <TestEntry testId="4eb0ad7e-60bd-c82f-8fce-a5e4145c6f30" executionId="dbc41700-63cc-4057-ba31-c1a43ff54946" testListId="8c84fa94-04c1-424b-9868-57a2d4851a1d" />
    <TestEntry testId="6010ab76-9e1b-7a48-c597-bbdb4862d023" executionId="a8d3806d-8574-4481-9d17-49ab6ba59f7b" testListId="8c84fa94-04c1-424b-9868-57a2d4851a1d" />
    <TestEntry testId="61803e1a-4cc5-c171-77a1-25cacdba1060" executionId="31ecf9c5-3f86-4524-af50-b24ea379666f" testListId="8c84fa94-04c1-424b-9868-57a2d4851a1d" />
    <TestEntry testId="62ffd6b3-12db-f35f-7e86-d516059a3d71" executionId="0c72205d-8af0-4f01-8e4a-ccc448487ae8" testListId="8c84fa94-04c1-424b-9868-57a2d4851a1d" />
[...]
      Application started. Press Ctrl+C to shut down.
info: Microsoft.Hosting.Lifetime[0]
      Hosting environment: Testing
info: Microsoft.Hosting.Lifetime[0]
      Content root path: /home/runner/work/uni-task/uni-task/UniTask.Api
info: Microsoft.EntityFrameworkCore.Update[30100]
      Saved 0 entities to in-memory store.
warn: Microsoft.AspNetCore.HttpsPolicy.HttpsRedirectionMiddleware[3]
      Failed to determine the https port for redirect.
info: Microsoft.EntityFrameworkCore.Update[30100]
      Saved 1 entities to in-memory store.
info: Microsoft.Hosting.Lifetime[0]
      Application is shutting down...
warn: LuckyPennySoftware.MediatR.License[0]
      You do not have a valid license key for the Lucky Penny software MediatR. This is allowed for development and testing scenarios. If you are running in production you are required to have a licensed version. Please visit https://luckypennysoftware.com to obtain a valid license.
info: Microsoft.EntityFrameworkCore.Update[30100]
      Saved 1 entities to in-memory store.
warn: Microsoft.AspNetCore.StaticFiles.StaticFileMiddleware[16]
      The WebRootPath was not found: /home/runner/work/uni-task/uni-task/UniTask.Api/wwwroot. Static files may be unavailable.
warn: Microsoft.AspNetCore.StaticFiles.StaticFileMiddleware[16]
      The WebRootPath was not found: /home/runner/work/uni-task/uni-task/UniTask.Api/wwwroot. Static files may be unavailable.
info: Microsoft.Hosting.Lifetime[0]
      Application started. Press Ctrl+C to shut down.
info: Microsoft.Hosting.Lifetime[0]
      Hosting environment: Testing
info: Microsoft.Hosting.Lifetime[0]
      Content root path: /home/runner/work/uni-task/uni-task/UniTask.Api
info: Microsoft.EntityFrameworkCore.Update[30100]
      Saved 0 entities to in-memory store.
warn: Microsoft.AspNetCore.HttpsPolicy.HttpsRedirectionMiddleware[3]
      Failed to determine the https port for redirect.
info: Microsoft.Hosting.Lifetime[0]
      Application is shutting down...
info: Microsoft.EntityFrameworkCore.Update[30100]
      Saved 1 entities to in-memory store.
info: Microsoft.EntityFrameworkCore.Update[30100]
      Saved 1 entities to in-memory store.
warn: Microsoft.AspNetCore.StaticFiles.StaticFileMiddleware[16]
      The WebRootPath was not found: /home/runner/work/uni-task/uni-task/UniTask.Api/wwwroot. Static files may be unavailable.
warn: Microsoft.AspNetCore.StaticFiles.StaticFileMiddleware[16]
      The WebRootPath was not found: /home/runner/work/uni-task/uni-task/UniTask.Api/wwwroot. Static files may be unavailable.
warn: LuckyPennySoftware.MediatR.License[0]
      You do not have a valid license key for the Lucky Penny software MediatR. This is allowed for development and testing scenarios. If you are running in production you are required to have a licensed version. Please visit https://luckypennysoftware.com to obtain a valid license.
info: Microsoft.Hosting.Lifetime[0]
      Application started. Press Ctrl+C to shut down.
info: Microsoft.Hosting.Lifetime[0]
      Hosting environment: Testing
info: Microsoft.Hosting.Lifetime[0]
      Content root path: /home/runner/work/uni-task/uni-task/UniTask.Api
info: Microsoft.EntityFrameworkCore.Update[30100]
      Saved 0 entities to in-memory store.
info: Microsoft.EntityFrameworkCore.Update[30100]
      Saved 1 entities to in-memory store.
warn: Microsoft.AspNetCore.HttpsPolicy.HttpsRedirectionMiddleware[3]
      Failed to determine the https port for redirect.
info: Microsoft.Hosting.Lifetime[0]
      Application is shutting down...
info: Microsoft.EntityFrameworkCore.Update[30100]
      Saved 1 entities to in-memory store.
info: Microsoft.Hosting.Lifetime[0]
      Application is shutting down...
warn: Microsoft.AspNetCore.StaticFiles.StaticFileMiddleware[16]
      The WebRootPath was not found: /home/runner/work/uni-task/uni-task/UniTask.Api/wwwroot. Static files may be unavailable.
warn: Microsoft.AspNetCore.StaticFiles.StaticFileMiddleware[16]
      The WebRootPath was not found: /home/runner/work/uni-task/uni-task/UniTask.Api/wwwroot. Static files may be unavailable.
info: Microsoft.Hosting.Lifetime[0]
      Application started. Press Ctrl+C to shut down.
info: Microsoft.Hosting.Lifetime[0]
      Hosting environment: Testing
info: Microsoft.Hosting.Lifetime[0]
      Content root path: /home/runner/work/uni-task/uni-task/UniTask.Api
info: Microsoft.EntityFrameworkCore.Update[30100]
      Saved 0 entities to in-memory store.
warn: Microsoft.AspNetCore.HttpsPolicy.HttpsRedirectionMiddleware[3]
      Failed to determine the https port for redirect.
warn: LuckyPennySoftware.MediatR.License[0]
      You do not have a valid license key for the Lucky Penny software MediatR. This is allowed for development and testing scenarios. If you are running in production you are required to have a licensed version. Please visit https://luckypennysoftware.com to obtain a valid license.
warn: Microsoft.AspNetCore.StaticFiles.StaticFileMiddleware[16]
      The WebRootPath was not found: /home/runner/work/uni-task/uni-task/UniTask.Api/wwwroot. Static files may be unavailable.
warn: Microsoft.AspNetCore.StaticFiles.StaticFileMiddleware[16]
      The WebRootPath was not found: /home/runner/work/uni-task/uni-task/UniTask.Api/wwwroot. Static files may be unavailable.
info: Microsoft.Hosting.Lifetime[0]
      Application is shutting down...
info: Microsoft.Hosting.Lifetime[0]
      Application started. Press Ctrl+C to shut down.
info: Microsoft.Hosting.Lifetime[0]
      Hosting environment: Testing
info: Microsoft.Hosting.Lifetime[0]
      Content root path: /home/runner/work/uni-task/uni-task/UniTask.Api
info: Microsoft.EntityFrameworkCore.Update[30100]
      Saved 0 entities to in-memory store.
warn: Microsoft.AspNetCore.HttpsPolicy.HttpsRedirectionMiddleware[3]
      Failed to determine the https port for redirect.
warn: LuckyPennySoftware.MediatR.License[0]
      You do not have a valid license key for the Lucky Penny software MediatR. This is allowed for development and testing scenarios. If you are running in production you are required to have a licensed version. Please visit https://luckypennysoftware.com to obtain a valid license.
warn: Microsoft.AspNetCore.StaticFiles.StaticFileMiddleware[16]
      The WebRootPath was not found: /home/runner/work/uni-task/uni-task/UniTask.Api/wwwroot. Static files may be unavailable.
warn: Microsoft.AspNetCore.StaticFiles.StaticFileMiddleware[16]
      The WebRootPath was not found: /home/runner/work/uni-task/uni-task/UniTask.Api/wwwroot. Static files may be unavailable.
info: Microsoft.Hosting.Lifetime[0]
      Application started. Press Ctrl+C to shut down.
info: Microsoft.Hosting.Lifetime[0]
      Hosting environment: Testing
info: Microsoft.Hosting.Lifetime[0]
      Content root path: /home/runner/work/uni-task/uni-task/UniTask.Api
info: Microsoft.EntityFrameworkCore.Update[30100]
      Saved 0 entities to in-memory store.
info: Microsoft.Hosting.Lifetime[0]
      Application is shutting down...
warn: Microsoft.AspNetCore.HttpsPolicy.HttpsRedirectionMiddleware[3]
      Failed to determine the https port for redirect.
info: Microsoft.EntityFrameworkCore.Update[30100]
      Saved 1 entities to in-memory store.
warn: Microsoft.AspNetCore.StaticFiles.StaticFileMiddleware[16]
      The WebRootPath was not found: /home/runner/work/uni-task/uni-task/UniTask.Api/wwwroot. Static files may be unavailable.
warn: Microsoft.AspNetCore.StaticFiles.StaticFileMiddleware[16]
      The WebRootPath was not found: /home/runner/work/uni-task/uni-task/UniTask.Api/wwwroot. Static files may be unavailable.
info: Microsoft.Hosting.Lifetime[0]
      Application started. Press Ctrl+C to shut down.
info: Microsoft.Hosting.Lifetime[0]
      Hosting environment: Testing
info: Microsoft.Hosting.Lifetime[0]
      Content root path: /home/runner/work/uni-task/uni-task/UniTask.Api
info: Microsoft.EntityFrameworkCore.Update[30100]
      Saved 1 entities to in-memory store.
warn: LuckyPennySoftware.MediatR.License[0]
      You do not have a valid license key for the Lucky Penny software MediatR. This is allowed for development and testing scenarios. If you are running in production you are required to have a licensed version. Please visit https://luckypennysoftware.com to obtain a valid license.
info: Microsoft.EntityFrameworkCore.Update[30100]
      Saved 0 entities to in-memory store.
warn: Microsoft.AspNetCore.HttpsPolicy.HttpsRedirectionMiddleware[3]
      Failed to determine the https port for redirect.
info: Microsoft.EntityFrameworkCore.Update[30100]
      Saved 1 entities to in-memory store.
info: Microsoft.Hosting.Lifetime[0]
      Application is shutting down...
info: Microsoft.EntityFrameworkCore.Update[30100]
      Saved 2 entities to in-memory store.
info: Microsoft.Hosting.Lifetime[0]
      Application is shutting down...
warn: Microsoft.AspNetCore.StaticFiles.StaticFileMiddleware[16]
      The WebRootPath was not found: /home/runner/work/uni-task/uni-task/UniTask.Api/wwwroot. Static files may be unavailable.
warn: Microsoft.AspNetCore.StaticFiles.StaticFileMiddleware[16]
      The WebRootPath was not found: /home/runner/work/uni-task/uni-task/UniTask.Api/wwwroot. Static files may be unavailable.
info: Microsoft.Hosting.Lifetime[0]
      Application started. Press Ctrl+C to shut down.
info: Microsoft.Hosting.Lifetime[0]
      Hosting environment: Testing
info: Microsoft.Hosting.Lifetime[0]
      Content root path: /home/runner/work/uni-task/uni-task/UniTask.Api
info: Microsoft.EntityFrameworkCore.Update[30100]
      Saved 0 entities to in-memory store.
warn: Microsoft.AspNetCore.HttpsPolicy.HttpsRedirectionMiddleware[3]
      Failed to determine the https port for redirect.
warn: Microsoft.AspNetCore.StaticFiles.StaticFileMiddleware[16]
      The WebRootPath was not found: /home/runner/work/uni-task/uni-task/UniTask.Api/wwwroot. Static files may be unavailable.
warn: Microsoft.AspNetCore.StaticFiles.StaticFileMiddleware[16]
      The WebRootPath was not found: /home/runner/work/uni-task/uni-task/UniTask.Api/wwwroot. Static files may be unavailable.
warn: LuckyPennySoftware.MediatR.License[0]
      You do not have a valid license key for the Lucky Penny software MediatR. This is allowed for development and testing scenarios. If you are running in production you are required to have a licensed version. Please visit https://luckypennysoftware.com to obtain a valid license.
info: Microsoft.Hosting.Lifetime[0]
      Application started. Press Ctrl+C to shut down.
info: Microsoft.Hosting.Lifetime[0]
      Hosting environment: Testing
info: Microsoft.Hosting.Lifetime[0]
      Content root path: /home/runner/work/uni-task/uni-task/UniTask.Api
info: Microsoft.EntityFrameworkCore.Update[30100]
      Saved 0 entities to in-memory store.
info: Microsoft.Hosting.Lifetime[0]
      Application is shutting down...
warn: Microsoft.AspNetCore.HttpsPolicy.HttpsRedirectionMiddleware[3]
      Failed to determine the https port for redirect.
info: Microsoft.EntityFrameworkCore.Update[30100]
      Saved 1 entities to in-memory store.
info: Microsoft.EntityFrameworkCore.Update[30100]
      Saved 1 entities to in-memory store.
info: Microsoft.Hosting.Lifetime[0]
      Application is shutting down...
warn: Microsoft.AspNetCore.StaticFiles.StaticFileMiddleware[16]
      The WebRootPath was not found: /home/runner/work/uni-task/uni-task/UniTask.Api/wwwroot. Static files may be unavailable.
warn: Microsoft.AspNetCore.StaticFiles.StaticFileMiddleware[16]
      The WebRootPath was not found: /home/runner/work/uni-task/uni-task/UniTask.Api/wwwroot. Static files may be unavailable.
info: Microsoft.Hosting.Lifetime[0]
      Application started. Press Ctrl+C to shut down.
info: Microsoft.Hosting.Lifetime[0]
      Hosting environment: Testing
info: Microsoft.Hosting.Lifetime[0]
      Content root path: /home/runner/work/uni-task/uni-task/UniTask.Api
info: Microsoft.EntityFrameworkCore.Update[30100]
      Saved 0 entities to in-memory store.
warn: Microsoft.AspNetCore.HttpsPolicy.HttpsRedirectionMiddleware[3]
      Failed to determine the https port for redirect.
warn: LuckyPennySoftware.MediatR.License[0]
      You do not have a valid license key for the Lucky Penny software MediatR. This is allowed for development and testing scenarios. If you are running in production you are required to have a licensed version. Please visit https://luckypennysoftware.com to obtain a valid license.
info: Microsoft.EntityFrameworkCore.Update[30100]
      Saved 1 entities to in-memory store.
info: Microsoft.EntityFrameworkCore.Update[30100]
      Saved 1 entities to in-memory store.
info: Microsoft.EntityFrameworkCore.Update[30100]
      Saved 1 entities to in-memory store.
info: Microsoft.EntityFrameworkCore.Update[30100]
      Saved 2 entities to in-memory store.
info: Microsoft.Hosting.Lifetime[0]
      Application is shutting down...
warn: Microsoft.AspNetCore.StaticFiles.StaticFileMiddleware[16]
      The WebRootPath was not found: /home/runner/work/uni-task/uni-task/UniTask.Api/wwwroot. Static files may be unavailable.
warn: Microsoft.AspNetCore.StaticFiles.StaticFileMiddleware[16]
      The WebRootPath was not found: /home/runner/work/uni-task/uni-task/UniTask.Api/wwwroot. Static files may be unavailable.
info: Microsoft.Hosting.Lifetime[0]
      Application started. Press Ctrl+C to shut down.
info: Microsoft.Hosting.Lifetime[0]
      Hosting environment: Testing
info: Microsoft.Hosting.Lifetime[0]
      Content root path: /home/runner/work/uni-task/uni-task/UniTask.Api
info: Microsoft.EntityFrameworkCore.Update[30100]
      Saved 0 entities to in-memory store.
warn: Microsoft.AspNetCore.HttpsPolicy.HttpsRedirectionMiddleware[3]
      Failed to determine the https port for redirect.
warn: LuckyPennySoftware.MediatR.License[0]
      You do not have a valid license key for the Lucky Penny software MediatR. This is allowed for development and testing scenarios. If you are running in production you are required to have a licensed version. Please visit https://luckypennysoftware.com to obtain a valid license.
info: Microsoft.EntityFrameworkCore.Update[30100]
      Saved 1 entities to in-memory store.
info: Microsoft.EntityFrameworkCore.Update[30100]
      Saved 1 entities to in-memory store.
info: Microsoft.EntityFrameworkCore.Update[30100]
      Saved 2 entities to in-memory store.
info: Microsoft.Hosting.Lifetime[0]
      Application is shutting down...
warn: Microsoft.AspNetCore.StaticFiles.StaticFileMiddleware[16]
      The WebRootPath was not found: /home/runner/work/uni-task/uni-task/UniTask.Api/wwwroot. Static files may be unavailable.
warn: Microsoft.AspNetCore.StaticFiles.StaticFileMiddleware[16]
      The WebRootPath was not found: /home/runner/work/uni-task/uni-task/UniTask.Api/wwwroot. Static files may be unavailable.
info: Microsoft.Hosting.Lifetime[0]
      Application started. Press Ctrl+C to shut down.
info: Microsoft.Hosting.Lifetime[0]
      Hosting environment: Testing
info: Microsoft.Hosting.Lifetime[0]
      Content root path: /home/runner/work/uni-task/uni-task/UniTask.Api
info: Microsoft.EntityFrameworkCore.Update[30100]
      Saved 0 entities to in-memory store.
warn: Microsoft.AspNetCore.HttpsPolicy.HttpsRedirectionMiddleware[3]
      Failed to determine the https port for redirect.
warn: LuckyPennySoftware.MediatR.License[0]
      You do not have a valid license key for the Lucky Penny software MediatR. This is allowed for development and testing scenarios. If you are running in production you are required to have a licensed version. Please visit https://luckypennysoftware.com to obtain a valid license.
info: Microsoft.EntityFrameworkCore.Update[30100]
      Saved 1 entities to in-memory store.
info: Microsoft.Hosting.Lifetime[0]
      Application is shutting down...
warn: Microsoft.AspNetCore.StaticFiles.StaticFileMiddleware[16]
      The WebRootPath was not found: /home/runner/work/uni-task/uni-task/UniTask.Api/wwwroot. Static files may be unavailable.
warn: Microsoft.AspNetCore.StaticFiles.StaticFileMiddleware[16]
      The WebRootPath was not found: /home/runner/work/uni-task/uni-task/UniTask.Api/wwwroot. Static files may be unavailable.
info: Microsoft.Hosting.Lifetime[0]
      Application started. Press Ctrl+C to shut down.
info: Microsoft.Hosting.Lifetime[0]
      Hosting environment: Testing
info: Microsoft.Hosting.Lifetime[0]
      Content root path: /home/runner/work/uni-task/uni-task/UniTask.Api
info: Microsoft.EntityFrameworkCore.Update[30100]
      Saved 0 entities to in-memory store.
warn: Microsoft.AspNetCore.HttpsPolicy.HttpsRedirectionMiddleware[3]
      Failed to determine the https port for redirect.
warn: LuckyPennySoftware.MediatR.License[0]
      You do not have a valid license key for the Lucky Penny software MediatR. This is allowed for development and testing scenarios. If you are running in production you are required to have a licensed version. Please visit https://luckypennysoftware.com to obtain a valid license.
info: Microsoft.EntityFrameworkCore.Update[30100]
      Saved 1 entities to in-memory store.
info: Microsoft.EntityFrameworkCore.Update[30100]
      Saved 1 entities to in-memory store.
info: Microsoft.Hosting.Lifetime[0]
      Application is shutting down...
warn: Microsoft.AspNetCore.StaticFiles.StaticFileMiddleware[16]
      The WebRootPath was not found: /home/runner/work/uni-task/uni-task/UniTask.Api/wwwroot. Static files may be unavailable.
warn: Microsoft.AspNetCore.StaticFiles.StaticFileMiddleware[16]
      The WebRootPath was not found: /home/runner/work/uni-task/uni-task/UniTask.Api/wwwroot. Static files may be unavailable.
info: Microsoft.Hosting.Lifetime[0]
      Application started. Press Ctrl+C to shut down.
info: Microsoft.Hosting.Lifetime[0]
      Hosting environment: Testing
info: Microsoft.Hosting.Lifetime[0]
      Content root path: /home/runner/work/uni-task/uni-task/UniTask.Api
info: Microsoft.EntityFrameworkCore.Update[30100]
      Saved 0 entities to in-memory store.
warn: Microsoft.AspNetCore.HttpsPolicy.HttpsRedirectionMiddleware[3]
      Failed to determine the https port for redirect.
warn: LuckyPennySoftware.MediatR.License[0]
      You do not have a valid license key for the Lucky Penny software MediatR. This is allowed for development and testing scenarios. If you are running in production you are required to have a licensed version. Please visit https://luckypennysoftware.com to obtain a valid license.
info: Microsoft.Hosting.Lifetime[0]
      Application is shutting down...
warn: Microsoft.AspNetCore.StaticFiles.StaticFileMiddleware[16]
      The WebRootPath was not found: /home/runner/work/uni-task/uni-task/UniTask.Api/wwwroot. Static files may be unavailable.
warn: Microsoft.AspNetCore.StaticFiles.StaticFileMiddleware[16]
      The WebRootPath was not found: /home/runner/work/uni-task/uni-task/UniTask.Api/wwwroot. Static files may be unavailable.
info: Microsoft.Hosting.Lifetime[0]
      Application started. Press Ctrl+C to shut down.
info: Microsoft.Hosting.Lifetime[0]
      Hosting environment: Testing
info: Microsoft.Hosting.Lifetime[0]
      Content root path: /home/runner/work/uni-task/uni-task/UniTask.Api
info: Microsoft.EntityFrameworkCore.Update[30100]
      Saved 0 entities to in-memory store.
info: Microsoft.EntityFrameworkCore.Update[30100]
      Saved 1 entities to in-memory store.
warn: Microsoft.AspNetCore.HttpsPolicy.HttpsRedirectionMiddleware[3]
      Failed to determine the https port for redirect.
warn: LuckyPennySoftware.MediatR.License[0]
      You do not have a valid license key for the Lucky Penny software MediatR. This is allowed for development and testing scenarios. If you are running in production you are required to have a licensed version. Please visit https://luckypennysoftware.com to obtain a valid license.
info: Microsoft.Hosting.Lifetime[0]
      Application is shutting down...
[xUnit.net 00:00:03.00]   Finished:    UniTask.Tests
</StdOut>
    </Output>
  </ResultSummary>
</TestRun>